2024-11-08 14:44:53,633 - train - INFO - GraphSynergy(
  (protein_embedding): Embedding(15970, 64)
  (cell_embedding): Embedding(76, 64)
  (drug_embedding): Embedding(764, 64)
  (aggregation_function): Linear(in_features=128, out_features=64, bias=True)
  (combine_function): Linear(in_features=128, out_features=64, bias=False)
)
Trainable parameters: 1092288
2024-11-08 14:44:54,109 - trainer - WARNING - Warning: There's no GPU available on this machine,training will be performed on CPU.
2024-11-08 14:45:08,215 - trainer - INFO - epoch: 1
2024-11-08 14:45:08,216 - trainer - INFO -     train          : loss           : 0.79	accuracy       : 0.59	precision      : 0.54	recall         : 0.46	roc_auc        : 0.62	pr_auc         : 0.55	f1_score       : 0.50	
2024-11-08 14:45:08,216 - trainer - INFO -     validation     : val_loss       : 0.66	val_accuracy   : 0.65	val_precision  : 0.63	val_recall     : 0.49	val_roc_auc    : 0.69	val_pr_auc     : 0.64	val_f1_score   : 0.55	
2024-11-08 14:45:08,249 - trainer - INFO - Saving current best: model_best.pth ...
2024-11-08 14:45:21,427 - trainer - INFO - epoch: 2
2024-11-08 14:45:21,428 - trainer - INFO -     train          : loss           : 0.61	accuracy       : 0.68	precision      : 0.67	recall         : 0.55	roc_auc        : 0.75	pr_auc         : 0.69	f1_score       : 0.60	
2024-11-08 14:45:21,428 - trainer - INFO -     validation     : val_loss       : 0.61	val_accuracy   : 0.68	val_precision  : 0.66	val_recall     : 0.54	val_roc_auc    : 0.74	val_pr_auc     : 0.68	val_f1_score   : 0.59	
2024-11-08 14:45:21,454 - trainer - INFO - Saving current best: model_best.pth ...
2024-11-08 14:45:34,685 - trainer - INFO - epoch: 3
2024-11-08 14:45:34,686 - trainer - INFO -     train          : loss           : 0.58	accuracy       : 0.72	precision      : 0.70	recall         : 0.60	roc_auc        : 0.78	pr_auc         : 0.73	f1_score       : 0.65	
2024-11-08 14:45:34,686 - trainer - INFO -     validation     : val_loss       : 0.59	val_accuracy   : 0.71	val_precision  : 0.68	val_recall     : 0.59	val_roc_auc    : 0.76	val_pr_auc     : 0.71	val_f1_score   : 0.63	
2024-11-08 14:45:34,718 - trainer - INFO - Saving current best: model_best.pth ...
2024-11-08 14:45:47,934 - trainer - INFO - epoch: 4
2024-11-08 14:45:47,935 - trainer - INFO -     train          : loss           : 0.56	accuracy       : 0.73	precision      : 0.71	recall         : 0.64	roc_auc        : 0.80	pr_auc         : 0.76	f1_score       : 0.67	
2024-11-08 14:45:47,935 - trainer - INFO -     validation     : val_loss       : 0.58	val_accuracy   : 0.70	val_precision  : 0.66	val_recall     : 0.61	val_roc_auc    : 0.77	val_pr_auc     : 0.72	val_f1_score   : 0.63	
2024-11-08 14:45:47,953 - trainer - INFO - Saving current best: model_best.pth ...
2024-11-08 14:46:01,205 - trainer - INFO - epoch: 5
2024-11-08 14:46:01,206 - trainer - INFO -     train          : loss           : 0.54	accuracy       : 0.74	precision      : 0.72	recall         : 0.66	roc_auc        : 0.81	pr_auc         : 0.77	f1_score       : 0.69	
2024-11-08 14:46:01,206 - trainer - INFO -     validation     : val_loss       : 0.59	val_accuracy   : 0.70	val_precision  : 0.68	val_recall     : 0.59	val_roc_auc    : 0.77	val_pr_auc     : 0.72	val_f1_score   : 0.63	
2024-11-08 14:46:01,229 - trainer - INFO - Saving current best: model_best.pth ...
2024-11-08 14:46:14,364 - trainer - INFO - epoch: 6
2024-11-08 14:46:14,364 - trainer - INFO -     train          : loss           : 0.53	accuracy       : 0.75	precision      : 0.73	recall         : 0.67	roc_auc        : 0.82	pr_auc         : 0.79	f1_score       : 0.70	
2024-11-08 14:46:14,364 - trainer - INFO -     validation     : val_loss       : 0.58	val_accuracy   : 0.70	val_precision  : 0.68	val_recall     : 0.62	val_roc_auc    : 0.78	val_pr_auc     : 0.74	val_f1_score   : 0.65	
2024-11-08 14:46:14,384 - trainer - INFO - Saving current best: model_best.pth ...
2024-11-08 14:46:27,753 - trainer - INFO - epoch: 7
2024-11-08 14:46:27,753 - trainer - INFO -     train          : loss           : 0.52	accuracy       : 0.75	precision      : 0.73	recall         : 0.68	roc_auc        : 0.83	pr_auc         : 0.79	f1_score       : 0.71	
2024-11-08 14:46:27,754 - trainer - INFO -     validation     : val_loss       : 0.56	val_accuracy   : 0.72	val_precision  : 0.68	val_recall     : 0.65	val_roc_auc    : 0.79	val_pr_auc     : 0.75	val_f1_score   : 0.67	
2024-11-08 14:46:27,772 - trainer - INFO - Saving current best: model_best.pth ...
2024-11-08 14:46:40,943 - trainer - INFO - epoch: 8
2024-11-08 14:46:40,944 - trainer - INFO -     train          : loss           : 0.51	accuracy       : 0.76	precision      : 0.74	recall         : 0.69	roc_auc        : 0.83	pr_auc         : 0.80	f1_score       : 0.72	
2024-11-08 14:46:40,945 - trainer - INFO -     validation     : val_loss       : 0.56	val_accuracy   : 0.71	val_precision  : 0.67	val_recall     : 0.62	val_roc_auc    : 0.79	val_pr_auc     : 0.74	val_f1_score   : 0.64	
2024-11-08 14:46:40,972 - trainer - INFO - Saving current best: model_best.pth ...
2024-11-08 14:46:54,276 - trainer - INFO - epoch: 9
2024-11-08 14:46:54,277 - trainer - INFO -     train          : loss           : 0.50	accuracy       : 0.76	precision      : 0.75	recall         : 0.70	roc_auc        : 0.84	pr_auc         : 0.81	f1_score       : 0.72	
2024-11-08 14:46:54,277 - trainer - INFO -     validation     : val_loss       : 0.57	val_accuracy   : 0.71	val_precision  : 0.69	val_recall     : 0.62	val_roc_auc    : 0.79	val_pr_auc     : 0.74	val_f1_score   : 0.65	
2024-11-08 14:46:54,294 - trainer - INFO - Saving current best: model_best.pth ...
2024-11-08 14:47:07,579 - trainer - INFO - epoch: 10
2024-11-08 14:47:07,581 - trainer - INFO -     train          : loss           : 0.50	accuracy       : 0.77	precision      : 0.75	recall         : 0.70	roc_auc        : 0.84	pr_auc         : 0.81	f1_score       : 0.72	
2024-11-08 14:47:07,581 - trainer - INFO -     validation     : val_loss       : 0.58	val_accuracy   : 0.72	val_precision  : 0.70	val_recall     : 0.63	val_roc_auc    : 0.78	val_pr_auc     : 0.74	val_f1_score   : 0.66	
2024-11-08 14:47:07,608 - trainer - INFO - Saving current best: model_best.pth ...
2024-11-08 14:47:21,275 - trainer - INFO - epoch: 11
2024-11-08 14:47:21,276 - trainer - INFO -     train          : loss           : 0.49	accuracy       : 0.77	precision      : 0.75	recall         : 0.71	roc_auc        : 0.84	pr_auc         : 0.81	f1_score       : 0.73	
2024-11-08 14:47:21,276 - trainer - INFO -     validation     : val_loss       : 0.57	val_accuracy   : 0.72	val_precision  : 0.69	val_recall     : 0.67	val_roc_auc    : 0.79	val_pr_auc     : 0.74	val_f1_score   : 0.68	
2024-11-08 14:47:21,294 - trainer - INFO - Saving current best: model_best.pth ...
2024-11-08 14:47:34,916 - trainer - INFO - epoch: 12
2024-11-08 14:47:34,917 - trainer - INFO -     train          : loss           : 0.49	accuracy       : 0.77	precision      : 0.75	recall         : 0.71	roc_auc        : 0.85	pr_auc         : 0.81	f1_score       : 0.73	
2024-11-08 14:47:34,917 - trainer - INFO -     validation     : val_loss       : 0.57	val_accuracy   : 0.73	val_precision  : 0.71	val_recall     : 0.63	val_roc_auc    : 0.79	val_pr_auc     : 0.73	val_f1_score   : 0.66	
2024-11-08 14:47:34,939 - trainer - INFO - Saving current best: model_best.pth ...
2024-11-08 14:47:48,573 - trainer - INFO - epoch: 13
2024-11-08 14:47:48,574 - trainer - INFO -     train          : loss           : 0.49	accuracy       : 0.77	precision      : 0.75	recall         : 0.72	roc_auc        : 0.85	pr_auc         : 0.82	f1_score       : 0.73	
2024-11-08 14:47:48,575 - trainer - INFO -     validation     : val_loss       : 0.56	val_accuracy   : 0.72	val_precision  : 0.69	val_recall     : 0.65	val_roc_auc    : 0.80	val_pr_auc     : 0.75	val_f1_score   : 0.67	
2024-11-08 14:47:48,598 - trainer - INFO - Saving current best: model_best.pth ...
2024-11-08 14:48:02,147 - trainer - INFO - epoch: 14
2024-11-08 14:48:02,147 - trainer - INFO -     train          : loss           : 0.48	accuracy       : 0.78	precision      : 0.75	recall         : 0.72	roc_auc        : 0.85	pr_auc         : 0.82	f1_score       : 0.74	
2024-11-08 14:48:02,147 - trainer - INFO -     validation     : val_loss       : 0.57	val_accuracy   : 0.72	val_precision  : 0.69	val_recall     : 0.63	val_roc_auc    : 0.79	val_pr_auc     : 0.74	val_f1_score   : 0.66	
2024-11-08 14:48:02,168 - trainer - INFO - Saving current best: model_best.pth ...
2024-11-08 14:48:15,263 - trainer - INFO - epoch: 15
2024-11-08 14:48:15,264 - trainer - INFO -     train          : loss           : 0.48	accuracy       : 0.78	precision      : 0.75	recall         : 0.72	roc_auc        : 0.85	pr_auc         : 0.82	f1_score       : 0.74	
2024-11-08 14:48:15,264 - trainer - INFO -     validation     : val_loss       : 0.57	val_accuracy   : 0.72	val_precision  : 0.70	val_recall     : 0.63	val_roc_auc    : 0.79	val_pr_auc     : 0.74	val_f1_score   : 0.66	
2024-11-08 14:48:15,287 - trainer - INFO - Saving current best: model_best.pth ...
2024-11-08 14:48:28,617 - trainer - INFO - epoch: 16
2024-11-08 14:48:28,617 - trainer - INFO -     train          : loss           : 0.48	accuracy       : 0.78	precision      : 0.76	recall         : 0.72	roc_auc        : 0.86	pr_auc         : 0.83	f1_score       : 0.74	
2024-11-08 14:48:28,617 - trainer - INFO -     validation     : val_loss       : 0.56	val_accuracy   : 0.73	val_precision  : 0.70	val_recall     : 0.66	val_roc_auc    : 0.80	val_pr_auc     : 0.75	val_f1_score   : 0.68	
2024-11-08 14:48:28,649 - trainer - INFO - Saving current best: model_best.pth ...
2024-11-08 14:48:41,632 - trainer - INFO - epoch: 17
2024-11-08 14:48:41,633 - trainer - INFO -     train          : loss           : 0.47	accuracy       : 0.78	precision      : 0.76	recall         : 0.72	roc_auc        : 0.86	pr_auc         : 0.83	f1_score       : 0.74	
2024-11-08 14:48:41,633 - trainer - INFO -     validation     : val_loss       : 0.56	val_accuracy   : 0.73	val_precision  : 0.69	val_recall     : 0.64	val_roc_auc    : 0.80	val_pr_auc     : 0.75	val_f1_score   : 0.66	
2024-11-08 14:48:41,651 - trainer - INFO - Saving current best: model_best.pth ...
2024-11-08 14:48:54,948 - trainer - INFO - epoch: 18
2024-11-08 14:48:54,949 - trainer - INFO -     train          : loss           : 0.47	accuracy       : 0.78	precision      : 0.76	recall         : 0.72	roc_auc        : 0.86	pr_auc         : 0.83	f1_score       : 0.74	
2024-11-08 14:48:54,949 - trainer - INFO -     validation     : val_loss       : 0.56	val_accuracy   : 0.72	val_precision  : 0.69	val_recall     : 0.65	val_roc_auc    : 0.80	val_pr_auc     : 0.75	val_f1_score   : 0.67	
2024-11-08 14:49:08,414 - trainer - INFO - epoch: 19
2024-11-08 14:49:08,414 - trainer - INFO -     train          : loss           : 0.47	accuracy       : 0.78	precision      : 0.76	recall         : 0.73	roc_auc        : 0.86	pr_auc         : 0.83	f1_score       : 0.74	
2024-11-08 14:49:08,414 - trainer - INFO -     validation     : val_loss       : 0.56	val_accuracy   : 0.73	val_precision  : 0.71	val_recall     : 0.63	val_roc_auc    : 0.80	val_pr_auc     : 0.75	val_f1_score   : 0.67	
2024-11-08 14:49:08,436 - trainer - INFO - Saving current best: model_best.pth ...
2024-11-08 14:51:47,273 - trainer - INFO - epoch: 20
2024-11-08 14:51:47,275 - trainer - INFO -     train          : loss           : 0.47	accuracy       : 0.78	precision      : 0.76	recall         : 0.73	roc_auc        : 0.86	pr_auc         : 0.83	f1_score       : 0.74	
2024-11-08 14:51:47,275 - trainer - INFO -     validation     : val_loss       : 0.55	val_accuracy   : 0.74	val_precision  : 0.71	val_recall     : 0.68	val_roc_auc    : 0.81	val_pr_auc     : 0.77	val_f1_score   : 0.69	
2024-11-08 14:51:47,300 - trainer - INFO - Saving current best: model_best.pth ...
2024-11-08 14:52:00,805 - trainer - INFO - epoch: 21
2024-11-08 14:52:00,806 - trainer - INFO -     train          : loss           : 0.44	accuracy       : 0.80	precision      : 0.79	recall         : 0.75	roc_auc        : 0.88	pr_auc         : 0.86	f1_score       : 0.77	
2024-11-08 14:52:00,806 - trainer - INFO -     validation     : val_loss       : 0.55	val_accuracy   : 0.73	val_precision  : 0.70	val_recall     : 0.67	val_roc_auc    : 0.81	val_pr_auc     : 0.76	val_f1_score   : 0.68	
2024-11-08 14:52:00,826 - trainer - INFO - Saving current best: model_best.pth ...
2024-11-08 14:52:14,464 - trainer - INFO - epoch: 22
2024-11-08 14:52:14,465 - trainer - INFO -     train          : loss           : 0.43	accuracy       : 0.81	precision      : 0.79	recall         : 0.75	roc_auc        : 0.89	pr_auc         : 0.86	f1_score       : 0.77	
2024-11-08 14:52:14,465 - trainer - INFO -     validation     : val_loss       : 0.54	val_accuracy   : 0.74	val_precision  : 0.71	val_recall     : 0.67	val_roc_auc    : 0.81	val_pr_auc     : 0.77	val_f1_score   : 0.69	
2024-11-08 14:52:14,490 - trainer - INFO - Saving current best: model_best.pth ...
2024-11-08 14:52:28,258 - trainer - INFO - epoch: 23
2024-11-08 14:52:28,259 - trainer - INFO -     train          : loss           : 0.43	accuracy       : 0.81	precision      : 0.79	recall         : 0.76	roc_auc        : 0.89	pr_auc         : 0.86	f1_score       : 0.77	
2024-11-08 14:52:28,259 - trainer - INFO -     validation     : val_loss       : 0.55	val_accuracy   : 0.72	val_precision  : 0.69	val_recall     : 0.66	val_roc_auc    : 0.81	val_pr_auc     : 0.76	val_f1_score   : 0.67	
2024-11-08 14:52:28,280 - trainer - INFO - Saving current best: model_best.pth ...
2024-11-08 14:52:41,803 - trainer - INFO - epoch: 24
2024-11-08 14:52:41,804 - trainer - INFO -     train          : loss           : 0.43	accuracy       : 0.81	precision      : 0.79	recall         : 0.76	roc_auc        : 0.89	pr_auc         : 0.86	f1_score       : 0.77	
2024-11-08 14:52:41,804 - trainer - INFO -     validation     : val_loss       : 0.55	val_accuracy   : 0.73	val_precision  : 0.69	val_recall     : 0.68	val_roc_auc    : 0.81	val_pr_auc     : 0.76	val_f1_score   : 0.68	
2024-11-08 14:52:41,826 - trainer - INFO - Saving current best: model_best.pth ...
2024-11-08 14:52:55,165 - trainer - INFO - epoch: 25
2024-11-08 14:52:55,165 - trainer - INFO -     train          : loss           : 0.43	accuracy       : 0.81	precision      : 0.79	recall         : 0.76	roc_auc        : 0.89	pr_auc         : 0.86	f1_score       : 0.77	
2024-11-08 14:52:55,165 - trainer - INFO -     validation     : val_loss       : 0.55	val_accuracy   : 0.73	val_precision  : 0.70	val_recall     : 0.66	val_roc_auc    : 0.80	val_pr_auc     : 0.76	val_f1_score   : 0.68	
2024-11-08 14:52:55,185 - trainer - INFO - Saving current best: model_best.pth ...
2024-11-08 14:53:08,380 - trainer - INFO - epoch: 26
2024-11-08 14:53:08,381 - trainer - INFO -     train          : loss           : 0.43	accuracy       : 0.81	precision      : 0.79	recall         : 0.76	roc_auc        : 0.89	pr_auc         : 0.86	f1_score       : 0.78	
2024-11-08 14:53:08,382 - trainer - INFO -     validation     : val_loss       : 0.54	val_accuracy   : 0.74	val_precision  : 0.71	val_recall     : 0.67	val_roc_auc    : 0.81	val_pr_auc     : 0.77	val_f1_score   : 0.69	
2024-11-08 14:53:08,411 - trainer - INFO - Saving current best: model_best.pth ...
2024-11-08 14:53:21,707 - trainer - INFO - epoch: 27
2024-11-08 14:53:21,707 - trainer - INFO -     train          : loss           : 0.43	accuracy       : 0.81	precision      : 0.79	recall         : 0.76	roc_auc        : 0.89	pr_auc         : 0.86	f1_score       : 0.78	
2024-11-08 14:53:21,707 - trainer - INFO -     validation     : val_loss       : 0.56	val_accuracy   : 0.73	val_precision  : 0.70	val_recall     : 0.67	val_roc_auc    : 0.80	val_pr_auc     : 0.76	val_f1_score   : 0.68	
2024-11-08 14:53:21,725 - trainer - INFO - Saving current best: model_best.pth ...
2024-11-08 14:53:35,119 - trainer - INFO - epoch: 28
2024-11-08 14:53:35,120 - trainer - INFO -     train          : loss           : 0.43	accuracy       : 0.81	precision      : 0.79	recall         : 0.76	roc_auc        : 0.89	pr_auc         : 0.86	f1_score       : 0.78	
2024-11-08 14:53:35,120 - trainer - INFO -     validation     : val_loss       : 0.55	val_accuracy   : 0.73	val_precision  : 0.70	val_recall     : 0.67	val_roc_auc    : 0.80	val_pr_auc     : 0.76	val_f1_score   : 0.68	
2024-11-08 14:53:35,148 - trainer - INFO - Saving current best: model_best.pth ...
2024-11-08 14:53:48,448 - trainer - INFO - epoch: 29
2024-11-08 14:53:48,449 - trainer - INFO -     train          : loss           : 0.43	accuracy       : 0.81	precision      : 0.79	recall         : 0.76	roc_auc        : 0.89	pr_auc         : 0.86	f1_score       : 0.78	
2024-11-08 14:53:48,449 - trainer - INFO -     validation     : val_loss       : 0.55	val_accuracy   : 0.73	val_precision  : 0.70	val_recall     : 0.67	val_roc_auc    : 0.81	val_pr_auc     : 0.77	val_f1_score   : 0.68	
2024-11-08 14:53:48,481 - trainer - INFO - Saving current best: model_best.pth ...
2024-11-08 14:54:01,694 - trainer - INFO - epoch: 30
2024-11-08 14:54:01,695 - trainer - INFO -     train          : loss           : 0.43	accuracy       : 0.81	precision      : 0.79	recall         : 0.76	roc_auc        : 0.89	pr_auc         : 0.87	f1_score       : 0.78	
2024-11-08 14:54:01,695 - trainer - INFO -     validation     : val_loss       : 0.55	val_accuracy   : 0.73	val_precision  : 0.70	val_recall     : 0.67	val_roc_auc    : 0.81	val_pr_auc     : 0.77	val_f1_score   : 0.69	
2024-11-08 14:54:01,724 - trainer - INFO - Saving current best: model_best.pth ...
2024-11-08 14:54:14,737 - trainer - INFO - epoch: 31
2024-11-08 14:54:14,737 - trainer - INFO -     train          : loss           : 0.43	accuracy       : 0.81	precision      : 0.79	recall         : 0.76	roc_auc        : 0.89	pr_auc         : 0.86	f1_score       : 0.78	
2024-11-08 14:54:14,737 - trainer - INFO -     validation     : val_loss       : 0.55	val_accuracy   : 0.73	val_precision  : 0.70	val_recall     : 0.68	val_roc_auc    : 0.81	val_pr_auc     : 0.77	val_f1_score   : 0.69	
2024-11-08 14:54:28,124 - trainer - INFO - epoch: 32
2024-11-08 14:54:28,126 - trainer - INFO -     train          : loss           : 0.42	accuracy       : 0.81	precision      : 0.79	recall         : 0.76	roc_auc        : 0.89	pr_auc         : 0.87	f1_score       : 0.78	
2024-11-08 14:54:28,126 - trainer - INFO -     validation     : val_loss       : 0.56	val_accuracy   : 0.73	val_precision  : 0.69	val_recall     : 0.67	val_roc_auc    : 0.80	val_pr_auc     : 0.76	val_f1_score   : 0.68	
2024-11-08 14:54:28,151 - trainer - INFO - Saving current best: model_best.pth ...
2024-11-08 14:54:41,564 - trainer - INFO - epoch: 33
2024-11-08 14:54:41,564 - trainer - INFO -     train          : loss           : 0.42	accuracy       : 0.81	precision      : 0.79	recall         : 0.76	roc_auc        : 0.89	pr_auc         : 0.87	f1_score       : 0.78	
2024-11-08 14:54:41,564 - trainer - INFO -     validation     : val_loss       : 0.54	val_accuracy   : 0.74	val_precision  : 0.70	val_recall     : 0.69	val_roc_auc    : 0.82	val_pr_auc     : 0.77	val_f1_score   : 0.69	
2024-11-08 14:54:41,589 - trainer - INFO - Saving current best: model_best.pth ...
2024-11-08 14:54:54,931 - trainer - INFO - epoch: 34
2024-11-08 14:54:54,932 - trainer - INFO -     train          : loss           : 0.42	accuracy       : 0.81	precision      : 0.79	recall         : 0.76	roc_auc        : 0.89	pr_auc         : 0.86	f1_score       : 0.78	
2024-11-08 14:54:54,932 - trainer - INFO -     validation     : val_loss       : 0.55	val_accuracy   : 0.73	val_precision  : 0.70	val_recall     : 0.67	val_roc_auc    : 0.81	val_pr_auc     : 0.77	val_f1_score   : 0.68	
2024-11-08 14:55:08,163 - trainer - INFO - epoch: 35
2024-11-08 14:55:08,163 - trainer - INFO -     train          : loss           : 0.42	accuracy       : 0.81	precision      : 0.79	recall         : 0.76	roc_auc        : 0.89	pr_auc         : 0.87	f1_score       : 0.78	
2024-11-08 14:55:08,163 - trainer - INFO -     validation     : val_loss       : 0.55	val_accuracy   : 0.73	val_precision  : 0.69	val_recall     : 0.66	val_roc_auc    : 0.81	val_pr_auc     : 0.76	val_f1_score   : 0.68	
2024-11-08 14:55:08,195 - trainer - INFO - Saving current best: model_best.pth ...
2024-11-08 14:55:21,489 - trainer - INFO - epoch: 36
2024-11-08 14:55:21,489 - trainer - INFO -     train          : loss           : 0.42	accuracy       : 0.81	precision      : 0.79	recall         : 0.76	roc_auc        : 0.89	pr_auc         : 0.87	f1_score       : 0.78	
2024-11-08 14:55:21,489 - trainer - INFO -     validation     : val_loss       : 0.55	val_accuracy   : 0.73	val_precision  : 0.70	val_recall     : 0.67	val_roc_auc    : 0.81	val_pr_auc     : 0.77	val_f1_score   : 0.68	
2024-11-08 14:55:34,854 - trainer - INFO - epoch: 37
2024-11-08 14:55:34,855 - trainer - INFO -     train          : loss           : 0.42	accuracy       : 0.81	precision      : 0.79	recall         : 0.76	roc_auc        : 0.89	pr_auc         : 0.87	f1_score       : 0.78	
2024-11-08 14:55:34,855 - trainer - INFO -     validation     : val_loss       : 0.56	val_accuracy   : 0.73	val_precision  : 0.70	val_recall     : 0.66	val_roc_auc    : 0.80	val_pr_auc     : 0.76	val_f1_score   : 0.68	
2024-11-08 14:55:34,877 - trainer - INFO - Saving current best: model_best.pth ...
2024-11-08 14:55:48,226 - trainer - INFO - epoch: 38
2024-11-08 14:55:48,227 - trainer - INFO -     train          : loss           : 0.42	accuracy       : 0.81	precision      : 0.80	recall         : 0.76	roc_auc        : 0.89	pr_auc         : 0.87	f1_score       : 0.78	
2024-11-08 14:55:48,227 - trainer - INFO -     validation     : val_loss       : 0.55	val_accuracy   : 0.73	val_precision  : 0.69	val_recall     : 0.67	val_roc_auc    : 0.80	val_pr_auc     : 0.76	val_f1_score   : 0.68	
2024-11-08 14:55:48,250 - trainer - INFO - Saving current best: model_best.pth ...
2024-11-08 14:56:01,492 - trainer - INFO - epoch: 39
2024-11-08 14:56:01,493 - trainer - INFO -     train          : loss           : 0.42	accuracy       : 0.81	precision      : 0.79	recall         : 0.76	roc_auc        : 0.89	pr_auc         : 0.87	f1_score       : 0.78	
2024-11-08 14:56:01,493 - trainer - INFO -     validation     : val_loss       : 0.56	val_accuracy   : 0.73	val_precision  : 0.70	val_recall     : 0.67	val_roc_auc    : 0.80	val_pr_auc     : 0.77	val_f1_score   : 0.68	
2024-11-08 14:56:01,516 - trainer - INFO - Saving current best: model_best.pth ...
2024-11-08 14:56:14,708 - trainer - INFO - epoch: 40
2024-11-08 14:56:14,709 - trainer - INFO -     train          : loss           : 0.42	accuracy       : 0.81	precision      : 0.79	recall         : 0.76	roc_auc        : 0.89	pr_auc         : 0.87	f1_score       : 0.78	
2024-11-08 14:56:14,709 - trainer - INFO -     validation     : val_loss       : 0.55	val_accuracy   : 0.73	val_precision  : 0.69	val_recall     : 0.67	val_roc_auc    : 0.81	val_pr_auc     : 0.77	val_f1_score   : 0.68	
2024-11-08 14:56:28,232 - trainer - INFO - epoch: 41
2024-11-08 14:56:28,233 - trainer - INFO -     train          : loss           : 0.42	accuracy       : 0.81	precision      : 0.80	recall         : 0.77	roc_auc        : 0.89	pr_auc         : 0.87	f1_score       : 0.78	
2024-11-08 14:56:28,233 - trainer - INFO -     validation     : val_loss       : 0.55	val_accuracy   : 0.73	val_precision  : 0.70	val_recall     : 0.67	val_roc_auc    : 0.81	val_pr_auc     : 0.77	val_f1_score   : 0.69	
2024-11-08 14:56:28,256 - trainer - INFO - Saving current best: model_best.pth ...
2024-11-08 14:56:42,048 - trainer - INFO - epoch: 42
2024-11-08 14:56:42,049 - trainer - INFO -     train          : loss           : 0.42	accuracy       : 0.81	precision      : 0.80	recall         : 0.76	roc_auc        : 0.89	pr_auc         : 0.87	f1_score       : 0.78	
2024-11-08 14:56:42,049 - trainer - INFO -     validation     : val_loss       : 0.56	val_accuracy   : 0.73	val_precision  : 0.70	val_recall     : 0.67	val_roc_auc    : 0.80	val_pr_auc     : 0.76	val_f1_score   : 0.68	
2024-11-08 14:56:56,437 - trainer - INFO - epoch: 43
2024-11-08 14:56:56,438 - trainer - INFO -     train          : loss           : 0.42	accuracy       : 0.81	precision      : 0.80	recall         : 0.77	roc_auc        : 0.89	pr_auc         : 0.87	f1_score       : 0.78	
2024-11-08 14:56:56,438 - trainer - INFO -     validation     : val_loss       : 0.55	val_accuracy   : 0.73	val_precision  : 0.70	val_recall     : 0.66	val_roc_auc    : 0.81	val_pr_auc     : 0.77	val_f1_score   : 0.68	
2024-11-08 14:56:56,480 - trainer - INFO - Saving current best: model_best.pth ...
2024-11-08 14:57:09,606 - trainer - INFO - epoch: 44
2024-11-08 14:57:09,606 - trainer - INFO -     train          : loss           : 0.42	accuracy       : 0.81	precision      : 0.80	recall         : 0.77	roc_auc        : 0.89	pr_auc         : 0.87	f1_score       : 0.78	
2024-11-08 14:57:09,606 - trainer - INFO -     validation     : val_loss       : 0.56	val_accuracy   : 0.73	val_precision  : 0.69	val_recall     : 0.66	val_roc_auc    : 0.80	val_pr_auc     : 0.76	val_f1_score   : 0.68	
2024-11-08 14:57:09,629 - trainer - INFO - Saving current best: model_best.pth ...
2024-11-08 14:57:23,389 - trainer - INFO - epoch: 45
2024-11-08 14:57:23,390 - trainer - INFO -     train          : loss           : 0.42	accuracy       : 0.81	precision      : 0.80	recall         : 0.77	roc_auc        : 0.89	pr_auc         : 0.87	f1_score       : 0.78	
2024-11-08 14:57:23,390 - trainer - INFO -     validation     : val_loss       : 0.56	val_accuracy   : 0.73	val_precision  : 0.70	val_recall     : 0.67	val_roc_auc    : 0.80	val_pr_auc     : 0.77	val_f1_score   : 0.68	
2024-11-08 14:57:36,550 - trainer - INFO - epoch: 46
2024-11-08 14:57:36,551 - trainer - INFO -     train          : loss           : 0.42	accuracy       : 0.81	precision      : 0.80	recall         : 0.76	roc_auc        : 0.89	pr_auc         : 0.87	f1_score       : 0.78	
2024-11-08 14:57:36,551 - trainer - INFO -     validation     : val_loss       : 0.55	val_accuracy   : 0.73	val_precision  : 0.69	val_recall     : 0.67	val_roc_auc    : 0.81	val_pr_auc     : 0.77	val_f1_score   : 0.68	
2024-11-08 14:57:49,908 - trainer - INFO - epoch: 47
2024-11-08 14:57:49,908 - trainer - INFO -     train          : loss           : 0.42	accuracy       : 0.81	precision      : 0.80	recall         : 0.76	roc_auc        : 0.89	pr_auc         : 0.87	f1_score       : 0.78	
2024-11-08 14:57:49,908 - trainer - INFO -     validation     : val_loss       : 0.55	val_accuracy   : 0.73	val_precision  : 0.71	val_recall     : 0.68	val_roc_auc    : 0.81	val_pr_auc     : 0.77	val_f1_score   : 0.69	
2024-11-08 14:58:03,320 - trainer - INFO - epoch: 48
2024-11-08 14:58:03,321 - trainer - INFO -     train          : loss           : 0.42	accuracy       : 0.81	precision      : 0.80	recall         : 0.77	roc_auc        : 0.89	pr_auc         : 0.87	f1_score       : 0.78	
2024-11-08 14:58:03,321 - trainer - INFO -     validation     : val_loss       : 0.56	val_accuracy   : 0.73	val_precision  : 0.70	val_recall     : 0.67	val_roc_auc    : 0.81	val_pr_auc     : 0.76	val_f1_score   : 0.69	
2024-11-08 14:58:17,043 - trainer - INFO - epoch: 49
2024-11-08 14:58:17,043 - trainer - INFO -     train          : loss           : 0.42	accuracy       : 0.81	precision      : 0.80	recall         : 0.76	roc_auc        : 0.89	pr_auc         : 0.87	f1_score       : 0.78	
2024-11-08 14:58:17,043 - trainer - INFO -     validation     : val_loss       : 0.54	val_accuracy   : 0.74	val_precision  : 0.71	val_recall     : 0.68	val_roc_auc    : 0.82	val_pr_auc     : 0.78	val_f1_score   : 0.70	
2024-11-08 14:58:17,073 - trainer - INFO - Saving current best: model_best.pth ...
2024-11-08 14:58:31,171 - trainer - INFO - epoch: 50
2024-11-08 14:58:31,173 - trainer - INFO -     train          : loss           : 0.42	accuracy       : 0.81	precision      : 0.80	recall         : 0.77	roc_auc        : 0.89	pr_auc         : 0.87	f1_score       : 0.78	
2024-11-08 14:58:31,173 - trainer - INFO -     validation     : val_loss       : 0.56	val_accuracy   : 0.73	val_precision  : 0.69	val_recall     : 0.66	val_roc_auc    : 0.80	val_pr_auc     : 0.76	val_f1_score   : 0.68	
2024-11-08 14:58:31,195 - trainer - INFO - Saving current best: model_best.pth ...
2024-11-08 14:58:31,196 - test - INFO - GraphSynergy(
  (protein_embedding): Embedding(15970, 64)
  (cell_embedding): Embedding(76, 64)
  (drug_embedding): Embedding(764, 64)
  (aggregation_function): Linear(in_features=128, out_features=64, bias=True)
  (combine_function): Linear(in_features=128, out_features=64, bias=False)
)
Trainable parameters: 1092288
2024-11-08 14:58:31,196 - test - INFO - Loading checkpoint: saved/models/DrugCombDB/1108_144449/model_best.pth ...
2024-11-08 14:58:33,731 - test - INFO - {'loss': 0.5632177213620557, 'accuracy': 0.7296466973886329, 'precision': 0.698444384651144, 'recall': 0.6724477208646616, 'roc_auc': 0.8005023900476999, 'pr_auc': 0.7561944490763198, 'f1_score': 0.6847605088830948}
