2024-11-12 20:32:13,641 - train - INFO - GraphSynergy(
  (protein_embedding): Embedding(15970, 64)
  (cell_embedding): Embedding(76, 64)
  (drug_embedding): Embedding(764, 64)
  (aggregation_function): Linear(in_features=128, out_features=64, bias=True)
  (combine_function): Linear(in_features=128, out_features=64, bias=False)
)
Trainable parameters: 1092288
2024-11-12 20:32:35,280 - trainer - INFO - epoch: 1
2024-11-12 20:32:35,281 - trainer - INFO -     train          : loss           : 0.79	accuracy       : 0.61	precision      : 0.57	recall         : 0.49	roc_auc        : 0.64	pr_auc         : 0.58	f1_score       : 0.53	
2024-11-12 20:32:35,281 - trainer - INFO -     validation     : val_loss       : 0.63	val_accuracy   : 0.67	val_precision  : 0.66	val_recall     : 0.53	val_roc_auc    : 0.73	val_pr_auc     : 0.67	val_f1_score   : 0.59	
2024-11-12 20:32:35,317 - trainer - INFO - Saving current best: model_best.pth ...
2024-11-12 20:32:57,667 - trainer - INFO - epoch: 2
2024-11-12 20:32:57,667 - trainer - INFO -     train          : loss           : 0.59	accuracy       : 0.71	precision      : 0.70	recall         : 0.59	roc_auc        : 0.77	pr_auc         : 0.72	f1_score       : 0.64	
2024-11-12 20:32:57,667 - trainer - INFO -     validation     : val_loss       : 0.59	val_accuracy   : 0.71	val_precision  : 0.69	val_recall     : 0.60	val_roc_auc    : 0.77	val_pr_auc     : 0.72	val_f1_score   : 0.64	
2024-11-12 20:32:58,256 - trainer - INFO - Saving current best: model_best.pth ...
2024-11-12 20:33:15,637 - trainer - INFO - epoch: 3
2024-11-12 20:33:15,637 - trainer - INFO -     train          : loss           : 0.55	accuracy       : 0.73	precision      : 0.72	recall         : 0.64	roc_auc        : 0.81	pr_auc         : 0.77	f1_score       : 0.68	
2024-11-12 20:33:15,637 - trainer - INFO -     validation     : val_loss       : 0.57	val_accuracy   : 0.72	val_precision  : 0.72	val_recall     : 0.60	val_roc_auc    : 0.79	val_pr_auc     : 0.75	val_f1_score   : 0.65	
2024-11-12 20:33:15,663 - trainer - INFO - Saving current best: model_best.pth ...
