2024-11-08 15:20:14,695 - train - INFO - GraphSynergy(
  (protein_embedding): Embedding(15970, 64)
  (cell_embedding): Embedding(76, 64)
  (drug_embedding): Embedding(764, 64)
  (aggregation_function): Linear(in_features=128, out_features=64, bias=True)
  (combine_function): Linear(in_features=128, out_features=64, bias=False)
)
Trainable parameters: 1092288
2024-11-08 15:20:15,172 - trainer - WARNING - Warning: There's no GPU available on this machine,training will be performed on CPU.
2024-11-08 15:22:42,921 - trainer - INFO - epoch: 1
2024-11-08 15:22:42,921 - trainer - INFO -     train          : loss           : 0.77	accuracy       : 0.62	precision      : 0.58	recall         : 0.51	roc_auc        : 0.65	pr_auc         : 0.60	f1_score       : 0.54	
2024-11-08 15:22:42,921 - trainer - INFO -     validation     : val_loss       : 0.63	val_accuracy   : 0.67	val_precision  : 0.67	val_recall     : 0.54	val_roc_auc    : 0.73	val_pr_auc     : 0.67	val_f1_score   : 0.59	
2024-11-08 15:22:42,950 - trainer - INFO - Saving current best: model_best.pth ...
2024-11-08 15:29:42,963 - trainer - INFO - epoch: 2
2024-11-08 15:29:42,964 - trainer - INFO -     train          : loss           : 0.59	accuracy       : 0.70	precision      : 0.69	recall         : 0.60	roc_auc        : 0.77	pr_auc         : 0.73	f1_score       : 0.65	
2024-11-08 15:29:42,964 - trainer - INFO -     validation     : val_loss       : 0.59	val_accuracy   : 0.70	val_precision  : 0.70	val_recall     : 0.60	val_roc_auc    : 0.77	val_pr_auc     : 0.73	val_f1_score   : 0.65	
2024-11-08 15:29:43,003 - trainer - INFO - Saving current best: model_best.pth ...
2024-11-08 15:29:56,556 - trainer - INFO - epoch: 3
2024-11-08 15:29:56,557 - trainer - INFO -     train          : loss           : 0.55	accuracy       : 0.74	precision      : 0.73	recall         : 0.66	roc_auc        : 0.81	pr_auc         : 0.77	f1_score       : 0.69	
2024-11-08 15:29:56,557 - trainer - INFO -     validation     : val_loss       : 0.58	val_accuracy   : 0.72	val_precision  : 0.72	val_recall     : 0.61	val_roc_auc    : 0.78	val_pr_auc     : 0.75	val_f1_score   : 0.66	
2024-11-08 15:29:56,579 - trainer - INFO - Saving current best: model_best.pth ...
2024-11-08 15:30:10,541 - trainer - INFO - epoch: 4
2024-11-08 15:30:10,543 - trainer - INFO -     train          : loss           : 0.53	accuracy       : 0.75	precision      : 0.74	recall         : 0.68	roc_auc        : 0.82	pr_auc         : 0.80	f1_score       : 0.71	
2024-11-08 15:30:10,543 - trainer - INFO -     validation     : val_loss       : 0.56	val_accuracy   : 0.72	val_precision  : 0.72	val_recall     : 0.64	val_roc_auc    : 0.80	val_pr_auc     : 0.76	val_f1_score   : 0.68	
2024-11-08 15:30:10,561 - trainer - INFO - Saving current best: model_best.pth ...
2024-11-08 15:30:24,129 - trainer - INFO - epoch: 5
2024-11-08 15:30:24,130 - trainer - INFO -     train          : loss           : 0.51	accuracy       : 0.76	precision      : 0.75	recall         : 0.69	roc_auc        : 0.83	pr_auc         : 0.81	f1_score       : 0.72	
2024-11-08 15:30:24,130 - trainer - INFO -     validation     : val_loss       : 0.56	val_accuracy   : 0.73	val_precision  : 0.70	val_recall     : 0.68	val_roc_auc    : 0.80	val_pr_auc     : 0.77	val_f1_score   : 0.69	
2024-11-08 15:30:24,155 - trainer - INFO - Saving current best: model_best.pth ...
2024-11-08 15:30:38,237 - trainer - INFO - epoch: 6
2024-11-08 15:30:38,238 - trainer - INFO -     train          : loss           : 0.50	accuracy       : 0.77	precision      : 0.75	recall         : 0.71	roc_auc        : 0.84	pr_auc         : 0.82	f1_score       : 0.73	
2024-11-08 15:30:38,238 - trainer - INFO -     validation     : val_loss       : 0.55	val_accuracy   : 0.73	val_precision  : 0.73	val_recall     : 0.64	val_roc_auc    : 0.81	val_pr_auc     : 0.78	val_f1_score   : 0.68	
2024-11-08 15:30:38,265 - trainer - INFO - Saving current best: model_best.pth ...
2024-11-08 15:30:52,668 - trainer - INFO - epoch: 7
2024-11-08 15:30:52,669 - trainer - INFO -     train          : loss           : 0.49	accuracy       : 0.77	precision      : 0.76	recall         : 0.72	roc_auc        : 0.85	pr_auc         : 0.83	f1_score       : 0.74	
2024-11-08 15:30:52,669 - trainer - INFO -     validation     : val_loss       : 0.54	val_accuracy   : 0.73	val_precision  : 0.72	val_recall     : 0.67	val_roc_auc    : 0.81	val_pr_auc     : 0.78	val_f1_score   : 0.69	
2024-11-08 15:30:52,689 - trainer - INFO - Saving current best: model_best.pth ...
2024-11-08 15:31:06,949 - trainer - INFO - epoch: 8
2024-11-08 15:31:06,949 - trainer - INFO -     train          : loss           : 0.48	accuracy       : 0.78	precision      : 0.76	recall         : 0.73	roc_auc        : 0.85	pr_auc         : 0.83	f1_score       : 0.74	
2024-11-08 15:31:06,949 - trainer - INFO -     validation     : val_loss       : 0.54	val_accuracy   : 0.74	val_precision  : 0.73	val_recall     : 0.67	val_roc_auc    : 0.81	val_pr_auc     : 0.78	val_f1_score   : 0.70	
2024-11-08 15:31:06,970 - trainer - INFO - Saving current best: model_best.pth ...
2024-11-08 15:31:21,757 - trainer - INFO - epoch: 9
2024-11-08 15:31:21,759 - trainer - INFO -     train          : loss           : 0.48	accuracy       : 0.78	precision      : 0.77	recall         : 0.73	roc_auc        : 0.86	pr_auc         : 0.84	f1_score       : 0.75	
2024-11-08 15:31:21,759 - trainer - INFO -     validation     : val_loss       : 0.54	val_accuracy   : 0.74	val_precision  : 0.72	val_recall     : 0.69	val_roc_auc    : 0.82	val_pr_auc     : 0.79	val_f1_score   : 0.71	
2024-11-08 15:31:21,786 - trainer - INFO - Saving current best: model_best.pth ...
2024-11-08 15:31:37,040 - trainer - INFO - epoch: 10
2024-11-08 15:31:37,042 - trainer - INFO -     train          : loss           : 0.47	accuracy       : 0.78	precision      : 0.76	recall         : 0.74	roc_auc        : 0.86	pr_auc         : 0.84	f1_score       : 0.75	
2024-11-08 15:31:37,042 - trainer - INFO -     validation     : val_loss       : 0.54	val_accuracy   : 0.74	val_precision  : 0.72	val_recall     : 0.70	val_roc_auc    : 0.81	val_pr_auc     : 0.78	val_f1_score   : 0.71	
2024-11-08 15:31:37,059 - trainer - INFO - Saving current best: model_best.pth ...
2024-11-08 15:31:51,429 - trainer - INFO - epoch: 11
2024-11-08 15:31:51,429 - trainer - INFO -     train          : loss           : 0.47	accuracy       : 0.78	precision      : 0.77	recall         : 0.74	roc_auc        : 0.86	pr_auc         : 0.84	f1_score       : 0.75	
2024-11-08 15:31:51,429 - trainer - INFO -     validation     : val_loss       : 0.54	val_accuracy   : 0.75	val_precision  : 0.73	val_recall     : 0.68	val_roc_auc    : 0.82	val_pr_auc     : 0.78	val_f1_score   : 0.71	
2024-11-08 15:31:51,450 - trainer - INFO - Saving current best: model_best.pth ...
2024-11-08 15:32:05,962 - trainer - INFO - epoch: 12
2024-11-08 15:32:05,964 - trainer - INFO -     train          : loss           : 0.46	accuracy       : 0.79	precision      : 0.77	recall         : 0.74	roc_auc        : 0.87	pr_auc         : 0.85	f1_score       : 0.75	
2024-11-08 15:32:05,964 - trainer - INFO -     validation     : val_loss       : 0.54	val_accuracy   : 0.74	val_precision  : 0.73	val_recall     : 0.66	val_roc_auc    : 0.82	val_pr_auc     : 0.79	val_f1_score   : 0.69	
2024-11-08 15:32:05,985 - trainer - INFO - Saving current best: model_best.pth ...
2024-11-08 15:32:20,245 - trainer - INFO - epoch: 13
2024-11-08 15:32:20,246 - trainer - INFO -     train          : loss           : 0.46	accuracy       : 0.79	precision      : 0.77	recall         : 0.75	roc_auc        : 0.87	pr_auc         : 0.85	f1_score       : 0.76	
2024-11-08 15:32:20,246 - trainer - INFO -     validation     : val_loss       : 0.54	val_accuracy   : 0.75	val_precision  : 0.73	val_recall     : 0.69	val_roc_auc    : 0.82	val_pr_auc     : 0.79	val_f1_score   : 0.71	
2024-11-08 15:32:20,275 - trainer - INFO - Saving current best: model_best.pth ...
2024-11-08 15:32:34,406 - trainer - INFO - epoch: 14
2024-11-08 15:32:34,407 - trainer - INFO -     train          : loss           : 0.46	accuracy       : 0.79	precision      : 0.77	recall         : 0.75	roc_auc        : 0.87	pr_auc         : 0.85	f1_score       : 0.76	
2024-11-08 15:32:34,407 - trainer - INFO -     validation     : val_loss       : 0.53	val_accuracy   : 0.74	val_precision  : 0.72	val_recall     : 0.68	val_roc_auc    : 0.82	val_pr_auc     : 0.79	val_f1_score   : 0.70	
2024-11-08 15:32:34,425 - trainer - INFO - Saving current best: model_best.pth ...
2024-11-08 15:32:48,938 - trainer - INFO - epoch: 15
2024-11-08 15:32:48,939 - trainer - INFO -     train          : loss           : 0.45	accuracy       : 0.79	precision      : 0.77	recall         : 0.75	roc_auc        : 0.87	pr_auc         : 0.85	f1_score       : 0.76	
2024-11-08 15:32:48,939 - trainer - INFO -     validation     : val_loss       : 0.54	val_accuracy   : 0.74	val_precision  : 0.72	val_recall     : 0.69	val_roc_auc    : 0.82	val_pr_auc     : 0.78	val_f1_score   : 0.71	
2024-11-08 15:32:48,966 - trainer - INFO - Saving current best: model_best.pth ...
2024-11-08 15:33:03,571 - trainer - INFO - epoch: 16
2024-11-08 15:33:03,572 - trainer - INFO -     train          : loss           : 0.45	accuracy       : 0.79	precision      : 0.78	recall         : 0.75	roc_auc        : 0.87	pr_auc         : 0.85	f1_score       : 0.76	
2024-11-08 15:33:03,572 - trainer - INFO -     validation     : val_loss       : 0.53	val_accuracy   : 0.74	val_precision  : 0.71	val_recall     : 0.71	val_roc_auc    : 0.82	val_pr_auc     : 0.79	val_f1_score   : 0.71	
2024-11-08 15:33:03,593 - trainer - INFO - Saving current best: model_best.pth ...
2024-11-08 15:33:18,103 - trainer - INFO - epoch: 17
2024-11-08 15:33:18,104 - trainer - INFO -     train          : loss           : 0.45	accuracy       : 0.79	precision      : 0.78	recall         : 0.76	roc_auc        : 0.87	pr_auc         : 0.85	f1_score       : 0.77	
2024-11-08 15:33:18,104 - trainer - INFO -     validation     : val_loss       : 0.53	val_accuracy   : 0.75	val_precision  : 0.73	val_recall     : 0.69	val_roc_auc    : 0.82	val_pr_auc     : 0.79	val_f1_score   : 0.71	
2024-11-08 15:33:18,127 - trainer - INFO - Saving current best: model_best.pth ...
2024-11-08 15:33:32,530 - trainer - INFO - epoch: 18
2024-11-08 15:33:32,531 - trainer - INFO -     train          : loss           : 0.45	accuracy       : 0.79	precision      : 0.78	recall         : 0.75	roc_auc        : 0.87	pr_auc         : 0.86	f1_score       : 0.76	
2024-11-08 15:33:32,531 - trainer - INFO -     validation     : val_loss       : 0.53	val_accuracy   : 0.75	val_precision  : 0.74	val_recall     : 0.69	val_roc_auc    : 0.82	val_pr_auc     : 0.80	val_f1_score   : 0.71	
2024-11-08 15:33:32,564 - trainer - INFO - Saving current best: model_best.pth ...
2024-11-08 15:33:47,191 - trainer - INFO - epoch: 19
2024-11-08 15:33:47,192 - trainer - INFO -     train          : loss           : 0.45	accuracy       : 0.79	precision      : 0.78	recall         : 0.75	roc_auc        : 0.87	pr_auc         : 0.85	f1_score       : 0.77	
2024-11-08 15:33:47,193 - trainer - INFO -     validation     : val_loss       : 0.53	val_accuracy   : 0.75	val_precision  : 0.74	val_recall     : 0.69	val_roc_auc    : 0.82	val_pr_auc     : 0.79	val_f1_score   : 0.71	
2024-11-08 15:33:47,223 - trainer - INFO - Saving current best: model_best.pth ...
2024-11-08 15:34:01,872 - trainer - INFO - epoch: 20
2024-11-08 15:34:01,873 - trainer - INFO -     train          : loss           : 0.44	accuracy       : 0.80	precision      : 0.78	recall         : 0.76	roc_auc        : 0.88	pr_auc         : 0.86	f1_score       : 0.77	
2024-11-08 15:34:01,874 - trainer - INFO -     validation     : val_loss       : 0.53	val_accuracy   : 0.75	val_precision  : 0.73	val_recall     : 0.70	val_roc_auc    : 0.82	val_pr_auc     : 0.79	val_f1_score   : 0.71	
2024-11-08 15:34:01,893 - trainer - INFO - Saving current best: model_best.pth ...
2024-11-08 15:34:16,514 - trainer - INFO - epoch: 21
2024-11-08 15:34:16,515 - trainer - INFO -     train          : loss           : 0.41	accuracy       : 0.82	precision      : 0.80	recall         : 0.78	roc_auc        : 0.90	pr_auc         : 0.88	f1_score       : 0.79	
2024-11-08 15:34:16,515 - trainer - INFO -     validation     : val_loss       : 0.52	val_accuracy   : 0.75	val_precision  : 0.73	val_recall     : 0.69	val_roc_auc    : 0.83	val_pr_auc     : 0.80	val_f1_score   : 0.71	
2024-11-08 15:34:16,540 - trainer - INFO - Saving current best: model_best.pth ...
2024-11-08 15:34:31,124 - trainer - INFO - epoch: 22
2024-11-08 15:34:31,126 - trainer - INFO -     train          : loss           : 0.41	accuracy       : 0.82	precision      : 0.81	recall         : 0.78	roc_auc        : 0.90	pr_auc         : 0.88	f1_score       : 0.79	
2024-11-08 15:34:31,126 - trainer - INFO -     validation     : val_loss       : 0.53	val_accuracy   : 0.75	val_precision  : 0.73	val_recall     : 0.69	val_roc_auc    : 0.82	val_pr_auc     : 0.79	val_f1_score   : 0.71	
2024-11-08 15:34:31,155 - trainer - INFO - Saving current best: model_best.pth ...
2024-11-08 15:34:45,754 - trainer - INFO - epoch: 23
2024-11-08 15:34:45,755 - trainer - INFO -     train          : loss           : 0.41	accuracy       : 0.82	precision      : 0.81	recall         : 0.78	roc_auc        : 0.90	pr_auc         : 0.88	f1_score       : 0.79	
2024-11-08 15:34:45,755 - trainer - INFO -     validation     : val_loss       : 0.52	val_accuracy   : 0.75	val_precision  : 0.73	val_recall     : 0.70	val_roc_auc    : 0.83	val_pr_auc     : 0.80	val_f1_score   : 0.71	
2024-11-08 15:34:45,773 - trainer - INFO - Saving current best: model_best.pth ...
2024-11-08 15:35:00,400 - trainer - INFO - epoch: 24
2024-11-08 15:35:00,400 - trainer - INFO -     train          : loss           : 0.41	accuracy       : 0.82	precision      : 0.81	recall         : 0.78	roc_auc        : 0.90	pr_auc         : 0.88	f1_score       : 0.80	
2024-11-08 15:35:00,401 - trainer - INFO -     validation     : val_loss       : 0.52	val_accuracy   : 0.75	val_precision  : 0.74	val_recall     : 0.70	val_roc_auc    : 0.83	val_pr_auc     : 0.80	val_f1_score   : 0.72	
2024-11-08 15:35:00,423 - trainer - INFO - Saving current best: model_best.pth ...
2024-11-08 15:35:15,007 - trainer - INFO - epoch: 25
2024-11-08 15:35:15,007 - trainer - INFO -     train          : loss           : 0.40	accuracy       : 0.82	precision      : 0.81	recall         : 0.78	roc_auc        : 0.90	pr_auc         : 0.89	f1_score       : 0.80	
2024-11-08 15:35:15,007 - trainer - INFO -     validation     : val_loss       : 0.52	val_accuracy   : 0.75	val_precision  : 0.73	val_recall     : 0.70	val_roc_auc    : 0.83	val_pr_auc     : 0.80	val_f1_score   : 0.71	
2024-11-08 15:35:15,033 - trainer - INFO - Saving current best: model_best.pth ...
2024-11-08 15:35:29,700 - trainer - INFO - epoch: 26
2024-11-08 15:35:29,701 - trainer - INFO -     train          : loss           : 0.40	accuracy       : 0.82	precision      : 0.81	recall         : 0.78	roc_auc        : 0.90	pr_auc         : 0.88	f1_score       : 0.80	
2024-11-08 15:35:29,701 - trainer - INFO -     validation     : val_loss       : 0.52	val_accuracy   : 0.76	val_precision  : 0.74	val_recall     : 0.70	val_roc_auc    : 0.83	val_pr_auc     : 0.80	val_f1_score   : 0.72	
2024-11-08 15:35:44,325 - trainer - INFO - epoch: 27
2024-11-08 15:35:44,326 - trainer - INFO -     train          : loss           : 0.40	accuracy       : 0.82	precision      : 0.81	recall         : 0.79	roc_auc        : 0.90	pr_auc         : 0.88	f1_score       : 0.80	
2024-11-08 15:35:44,326 - trainer - INFO -     validation     : val_loss       : 0.52	val_accuracy   : 0.75	val_precision  : 0.74	val_recall     : 0.70	val_roc_auc    : 0.83	val_pr_auc     : 0.80	val_f1_score   : 0.72	
2024-11-08 15:35:58,906 - trainer - INFO - epoch: 28
2024-11-08 15:35:58,907 - trainer - INFO -     train          : loss           : 0.40	accuracy       : 0.82	precision      : 0.81	recall         : 0.78	roc_auc        : 0.90	pr_auc         : 0.88	f1_score       : 0.80	
2024-11-08 15:35:58,907 - trainer - INFO -     validation     : val_loss       : 0.52	val_accuracy   : 0.75	val_precision  : 0.74	val_recall     : 0.70	val_roc_auc    : 0.83	val_pr_auc     : 0.80	val_f1_score   : 0.72	
2024-11-08 15:35:58,943 - trainer - INFO - Saving current best: model_best.pth ...
2024-11-08 15:36:13,519 - trainer - INFO - epoch: 29
2024-11-08 15:36:13,520 - trainer - INFO -     train          : loss           : 0.40	accuracy       : 0.82	precision      : 0.81	recall         : 0.78	roc_auc        : 0.90	pr_auc         : 0.89	f1_score       : 0.80	
2024-11-08 15:36:13,520 - trainer - INFO -     validation     : val_loss       : 0.52	val_accuracy   : 0.75	val_precision  : 0.73	val_recall     : 0.70	val_roc_auc    : 0.83	val_pr_auc     : 0.80	val_f1_score   : 0.71	
2024-11-08 15:36:13,545 - trainer - INFO - Saving current best: model_best.pth ...
2024-11-08 15:36:28,126 - trainer - INFO - epoch: 30
2024-11-08 15:36:28,127 - trainer - INFO -     train          : loss           : 0.40	accuracy       : 0.82	precision      : 0.81	recall         : 0.79	roc_auc        : 0.90	pr_auc         : 0.89	f1_score       : 0.80	
2024-11-08 15:36:28,128 - trainer - INFO -     validation     : val_loss       : 0.52	val_accuracy   : 0.75	val_precision  : 0.74	val_recall     : 0.70	val_roc_auc    : 0.83	val_pr_auc     : 0.80	val_f1_score   : 0.72	
2024-11-08 15:36:28,146 - trainer - INFO - Saving current best: model_best.pth ...
2024-11-08 15:36:42,924 - trainer - INFO - epoch: 31
2024-11-08 15:36:42,925 - trainer - INFO -     train          : loss           : 0.40	accuracy       : 0.82	precision      : 0.81	recall         : 0.78	roc_auc        : 0.90	pr_auc         : 0.89	f1_score       : 0.80	
2024-11-08 15:36:42,926 - trainer - INFO -     validation     : val_loss       : 0.53	val_accuracy   : 0.75	val_precision  : 0.73	val_recall     : 0.70	val_roc_auc    : 0.83	val_pr_auc     : 0.80	val_f1_score   : 0.71	
2024-11-08 15:36:57,555 - trainer - INFO - epoch: 32
2024-11-08 15:36:57,556 - trainer - INFO -     train          : loss           : 0.40	accuracy       : 0.82	precision      : 0.81	recall         : 0.78	roc_auc        : 0.90	pr_auc         : 0.89	f1_score       : 0.80	
2024-11-08 15:36:57,556 - trainer - INFO -     validation     : val_loss       : 0.52	val_accuracy   : 0.75	val_precision  : 0.73	val_recall     : 0.70	val_roc_auc    : 0.83	val_pr_auc     : 0.80	val_f1_score   : 0.72	
2024-11-08 15:37:12,211 - trainer - INFO - epoch: 33
2024-11-08 15:37:12,213 - trainer - INFO -     train          : loss           : 0.40	accuracy       : 0.82	precision      : 0.81	recall         : 0.79	roc_auc        : 0.90	pr_auc         : 0.89	f1_score       : 0.80	
2024-11-08 15:37:12,213 - trainer - INFO -     validation     : val_loss       : 0.52	val_accuracy   : 0.75	val_precision  : 0.74	val_recall     : 0.70	val_roc_auc    : 0.83	val_pr_auc     : 0.80	val_f1_score   : 0.72	
2024-11-08 15:37:12,242 - trainer - INFO - Saving current best: model_best.pth ...
2024-11-08 15:37:26,631 - trainer - INFO - epoch: 34
2024-11-08 15:37:26,632 - trainer - INFO -     train          : loss           : 0.40	accuracy       : 0.82	precision      : 0.81	recall         : 0.78	roc_auc        : 0.90	pr_auc         : 0.89	f1_score       : 0.80	
2024-11-08 15:37:26,633 - trainer - INFO -     validation     : val_loss       : 0.53	val_accuracy   : 0.75	val_precision  : 0.73	val_recall     : 0.70	val_roc_auc    : 0.83	val_pr_auc     : 0.80	val_f1_score   : 0.72	
2024-11-08 15:37:41,137 - trainer - INFO - epoch: 35
2024-11-08 15:37:41,137 - trainer - INFO -     train          : loss           : 0.40	accuracy       : 0.82	precision      : 0.81	recall         : 0.79	roc_auc        : 0.90	pr_auc         : 0.89	f1_score       : 0.80	
2024-11-08 15:37:41,137 - trainer - INFO -     validation     : val_loss       : 0.53	val_accuracy   : 0.75	val_precision  : 0.74	val_recall     : 0.70	val_roc_auc    : 0.83	val_pr_auc     : 0.80	val_f1_score   : 0.72	
2024-11-08 15:37:56,581 - trainer - INFO - epoch: 36
2024-11-08 15:37:56,581 - trainer - INFO -     train          : loss           : 0.40	accuracy       : 0.82	precision      : 0.81	recall         : 0.79	roc_auc        : 0.90	pr_auc         : 0.89	f1_score       : 0.80	
2024-11-08 15:37:56,581 - trainer - INFO -     validation     : val_loss       : 0.53	val_accuracy   : 0.75	val_precision  : 0.74	val_recall     : 0.70	val_roc_auc    : 0.83	val_pr_auc     : 0.80	val_f1_score   : 0.72	
2024-11-08 15:38:11,342 - trainer - INFO - epoch: 37
2024-11-08 15:38:11,343 - trainer - INFO -     train          : loss           : 0.40	accuracy       : 0.82	precision      : 0.81	recall         : 0.78	roc_auc        : 0.90	pr_auc         : 0.89	f1_score       : 0.80	
2024-11-08 15:38:11,343 - trainer - INFO -     validation     : val_loss       : 0.53	val_accuracy   : 0.75	val_precision  : 0.73	val_recall     : 0.70	val_roc_auc    : 0.83	val_pr_auc     : 0.80	val_f1_score   : 0.71	
2024-11-08 15:38:25,937 - trainer - INFO - epoch: 38
2024-11-08 15:38:25,938 - trainer - INFO -     train          : loss           : 0.40	accuracy       : 0.82	precision      : 0.81	recall         : 0.79	roc_auc        : 0.90	pr_auc         : 0.89	f1_score       : 0.80	
2024-11-08 15:38:25,938 - trainer - INFO -     validation     : val_loss       : 0.53	val_accuracy   : 0.75	val_precision  : 0.74	val_recall     : 0.70	val_roc_auc    : 0.83	val_pr_auc     : 0.80	val_f1_score   : 0.72	
2024-11-08 15:38:25,959 - trainer - INFO - Saving current best: model_best.pth ...
2024-11-08 15:38:40,791 - trainer - INFO - epoch: 39
2024-11-08 15:38:40,793 - trainer - INFO -     train          : loss           : 0.40	accuracy       : 0.82	precision      : 0.81	recall         : 0.79	roc_auc        : 0.90	pr_auc         : 0.89	f1_score       : 0.80	
2024-11-08 15:38:40,793 - trainer - INFO -     validation     : val_loss       : 0.52	val_accuracy   : 0.75	val_precision  : 0.74	val_recall     : 0.70	val_roc_auc    : 0.83	val_pr_auc     : 0.80	val_f1_score   : 0.72	
2024-11-08 15:38:40,825 - trainer - INFO - Saving current best: model_best.pth ...
2024-11-08 15:38:55,519 - trainer - INFO - epoch: 40
2024-11-08 15:38:55,520 - trainer - INFO -     train          : loss           : 0.40	accuracy       : 0.82	precision      : 0.81	recall         : 0.79	roc_auc        : 0.90	pr_auc         : 0.89	f1_score       : 0.80	
2024-11-08 15:38:55,520 - trainer - INFO -     validation     : val_loss       : 0.53	val_accuracy   : 0.75	val_precision  : 0.74	val_recall     : 0.70	val_roc_auc    : 0.83	val_pr_auc     : 0.80	val_f1_score   : 0.72	
2024-11-08 15:39:10,008 - trainer - INFO - epoch: 41
2024-11-08 15:39:10,009 - trainer - INFO -     train          : loss           : 0.40	accuracy       : 0.82	precision      : 0.81	recall         : 0.79	roc_auc        : 0.90	pr_auc         : 0.89	f1_score       : 0.80	
2024-11-08 15:39:10,009 - trainer - INFO -     validation     : val_loss       : 0.53	val_accuracy   : 0.75	val_precision  : 0.74	val_recall     : 0.70	val_roc_auc    : 0.83	val_pr_auc     : 0.80	val_f1_score   : 0.72	
2024-11-08 15:39:10,038 - trainer - INFO - Saving current best: model_best.pth ...
2024-11-08 15:39:24,823 - trainer - INFO - epoch: 42
2024-11-08 15:39:24,824 - trainer - INFO -     train          : loss           : 0.40	accuracy       : 0.82	precision      : 0.81	recall         : 0.79	roc_auc        : 0.90	pr_auc         : 0.89	f1_score       : 0.80	
2024-11-08 15:39:24,824 - trainer - INFO -     validation     : val_loss       : 0.52	val_accuracy   : 0.76	val_precision  : 0.74	val_recall     : 0.71	val_roc_auc    : 0.83	val_pr_auc     : 0.80	val_f1_score   : 0.72	
2024-11-08 15:39:39,193 - trainer - INFO - epoch: 43
2024-11-08 15:39:39,194 - trainer - INFO -     train          : loss           : 0.40	accuracy       : 0.82	precision      : 0.81	recall         : 0.79	roc_auc        : 0.90	pr_auc         : 0.89	f1_score       : 0.80	
2024-11-08 15:39:39,194 - trainer - INFO -     validation     : val_loss       : 0.53	val_accuracy   : 0.75	val_precision  : 0.73	val_recall     : 0.70	val_roc_auc    : 0.83	val_pr_auc     : 0.80	val_f1_score   : 0.72	
2024-11-08 15:39:53,772 - trainer - INFO - epoch: 44
2024-11-08 15:39:53,774 - trainer - INFO -     train          : loss           : 0.40	accuracy       : 0.82	precision      : 0.81	recall         : 0.79	roc_auc        : 0.90	pr_auc         : 0.89	f1_score       : 0.80	
2024-11-08 15:39:53,774 - trainer - INFO -     validation     : val_loss       : 0.53	val_accuracy   : 0.75	val_precision  : 0.74	val_recall     : 0.70	val_roc_auc    : 0.83	val_pr_auc     : 0.80	val_f1_score   : 0.72	
2024-11-08 15:39:53,805 - trainer - INFO - Saving current best: model_best.pth ...
2024-11-08 15:40:08,795 - trainer - INFO - epoch: 45
2024-11-08 15:40:08,795 - trainer - INFO -     train          : loss           : 0.40	accuracy       : 0.82	precision      : 0.81	recall         : 0.79	roc_auc        : 0.90	pr_auc         : 0.89	f1_score       : 0.80	
2024-11-08 15:40:08,795 - trainer - INFO -     validation     : val_loss       : 0.53	val_accuracy   : 0.75	val_precision  : 0.73	val_recall     : 0.69	val_roc_auc    : 0.82	val_pr_auc     : 0.79	val_f1_score   : 0.71	
2024-11-08 15:40:08,817 - trainer - INFO - Saving current best: model_best.pth ...
2024-11-08 15:40:23,893 - trainer - INFO - epoch: 46
2024-11-08 15:40:23,896 - trainer - INFO -     train          : loss           : 0.40	accuracy       : 0.82	precision      : 0.81	recall         : 0.79	roc_auc        : 0.90	pr_auc         : 0.89	f1_score       : 0.80	
2024-11-08 15:40:23,896 - trainer - INFO -     validation     : val_loss       : 0.53	val_accuracy   : 0.75	val_precision  : 0.73	val_recall     : 0.70	val_roc_auc    : 0.83	val_pr_auc     : 0.80	val_f1_score   : 0.72	
2024-11-08 15:40:38,493 - trainer - INFO - epoch: 47
2024-11-08 15:40:38,494 - trainer - INFO -     train          : loss           : 0.40	accuracy       : 0.82	precision      : 0.81	recall         : 0.79	roc_auc        : 0.90	pr_auc         : 0.89	f1_score       : 0.80	
2024-11-08 15:40:38,494 - trainer - INFO -     validation     : val_loss       : 0.53	val_accuracy   : 0.75	val_precision  : 0.73	val_recall     : 0.70	val_roc_auc    : 0.83	val_pr_auc     : 0.80	val_f1_score   : 0.71	
2024-11-08 15:40:38,517 - trainer - INFO - Saving current best: model_best.pth ...
2024-11-08 15:40:53,507 - trainer - INFO - epoch: 48
2024-11-08 15:40:53,509 - trainer - INFO -     train          : loss           : 0.40	accuracy       : 0.82	precision      : 0.81	recall         : 0.79	roc_auc        : 0.90	pr_auc         : 0.89	f1_score       : 0.80	
2024-11-08 15:40:53,509 - trainer - INFO -     validation     : val_loss       : 0.53	val_accuracy   : 0.75	val_precision  : 0.73	val_recall     : 0.70	val_roc_auc    : 0.83	val_pr_auc     : 0.80	val_f1_score   : 0.72	
2024-11-08 15:41:08,345 - trainer - INFO - epoch: 49
2024-11-08 15:41:08,345 - trainer - INFO -     train          : loss           : 0.40	accuracy       : 0.82	precision      : 0.81	recall         : 0.79	roc_auc        : 0.90	pr_auc         : 0.89	f1_score       : 0.80	
2024-11-08 15:41:08,345 - trainer - INFO -     validation     : val_loss       : 0.53	val_accuracy   : 0.75	val_precision  : 0.74	val_recall     : 0.70	val_roc_auc    : 0.83	val_pr_auc     : 0.80	val_f1_score   : 0.72	
2024-11-08 15:41:23,249 - trainer - INFO - epoch: 50
2024-11-08 15:41:23,250 - trainer - INFO -     train          : loss           : 0.40	accuracy       : 0.82	precision      : 0.81	recall         : 0.79	roc_auc        : 0.90	pr_auc         : 0.89	f1_score       : 0.80	
2024-11-08 15:41:23,250 - trainer - INFO -     validation     : val_loss       : 0.53	val_accuracy   : 0.75	val_precision  : 0.74	val_recall     : 0.70	val_roc_auc    : 0.83	val_pr_auc     : 0.80	val_f1_score   : 0.72	
2024-11-08 15:41:23,251 - test - INFO - GraphSynergy(
  (protein_embedding): Embedding(15970, 64)
  (cell_embedding): Embedding(76, 64)
  (drug_embedding): Embedding(764, 64)
  (aggregation_function): Linear(in_features=128, out_features=64, bias=True)
  (combine_function): Linear(in_features=128, out_features=64, bias=False)
)
Trainable parameters: 1092288
2024-11-08 15:41:23,251 - test - INFO - Loading checkpoint: saved/models/DrugCombDB/1108_152010/model_best.pth ...
2024-11-08 15:41:25,915 - test - INFO - {'loss': 0.5261790307663846, 'accuracy': 0.751060096505337, 'precision': 0.7376967975489838, 'recall': 0.7023732653485524, 'roc_auc': 0.8289639812792441, 'pr_auc': 0.8067551451235561, 'f1_score': 0.7190999860633864}
