2024-11-08 14:33:44,156 - train - INFO - GraphSynergy(
  (protein_embedding): Embedding(15970, 64)
  (cell_embedding): Embedding(76, 64)
  (drug_embedding): Embedding(764, 64)
  (aggregation_function): Linear(in_features=128, out_features=64, bias=True)
  (combine_function): Linear(in_features=128, out_features=64, bias=False)
)
Trainable parameters: 1092288
2024-11-08 14:33:44,647 - trainer - WARNING - Warning: There's no GPU available on this machine,training will be performed on CPU.
2024-11-08 14:33:56,714 - trainer - INFO - epoch: 1
2024-11-08 14:33:56,714 - trainer - INFO -     train          : loss           : 0.83	accuracy       : 0.57	precision      : 0.51	recall         : 0.45	roc_auc        : 0.59	pr_auc         : 0.51	f1_score       : 0.48	
2024-11-08 14:33:56,714 - trainer - INFO -     validation     : val_loss       : 0.68	val_accuracy   : 0.62	val_precision  : 0.56	val_recall     : 0.47	val_roc_auc    : 0.65	val_pr_auc     : 0.57	val_f1_score   : 0.51	
2024-11-08 14:33:56,743 - trainer - INFO - Saving current best: model_best.pth ...
2024-11-08 14:34:07,854 - trainer - INFO - epoch: 2
2024-11-08 14:34:07,855 - trainer - INFO -     train          : loss           : 0.64	accuracy       : 0.66	precision      : 0.63	recall         : 0.51	roc_auc        : 0.71	pr_auc         : 0.64	f1_score       : 0.56	
2024-11-08 14:34:07,855 - trainer - INFO -     validation     : val_loss       : 0.65	val_accuracy   : 0.65	val_precision  : 0.61	val_recall     : 0.51	val_roc_auc    : 0.70	val_pr_auc     : 0.64	val_f1_score   : 0.56	
2024-11-08 14:34:07,884 - trainer - INFO - Saving current best: model_best.pth ...
2024-11-08 14:34:19,555 - trainer - INFO - epoch: 3
2024-11-08 14:34:19,557 - trainer - INFO -     train          : loss           : 0.61	accuracy       : 0.69	precision      : 0.67	recall         : 0.56	roc_auc        : 0.75	pr_auc         : 0.69	f1_score       : 0.61	
2024-11-08 14:34:19,557 - trainer - INFO -     validation     : val_loss       : 0.63	val_accuracy   : 0.67	val_precision  : 0.64	val_recall     : 0.53	val_roc_auc    : 0.72	val_pr_auc     : 0.66	val_f1_score   : 0.58	
2024-11-08 14:34:19,583 - trainer - INFO - Saving current best: model_best.pth ...
2024-11-08 14:34:30,629 - trainer - INFO - epoch: 4
2024-11-08 14:34:30,630 - trainer - INFO -     train          : loss           : 0.58	accuracy       : 0.71	precision      : 0.69	recall         : 0.59	roc_auc        : 0.77	pr_auc         : 0.72	f1_score       : 0.63	
2024-11-08 14:34:30,630 - trainer - INFO -     validation     : val_loss       : 0.62	val_accuracy   : 0.68	val_precision  : 0.64	val_recall     : 0.58	val_roc_auc    : 0.73	val_pr_auc     : 0.68	val_f1_score   : 0.61	
2024-11-08 14:34:30,658 - trainer - INFO - Saving current best: model_best.pth ...
2024-11-08 14:34:41,906 - trainer - INFO - epoch: 5
2024-11-08 14:34:41,906 - trainer - INFO -     train          : loss           : 0.57	accuracy       : 0.71	precision      : 0.69	recall         : 0.61	roc_auc        : 0.78	pr_auc         : 0.74	f1_score       : 0.65	
2024-11-08 14:34:41,906 - trainer - INFO -     validation     : val_loss       : 0.61	val_accuracy   : 0.68	val_precision  : 0.64	val_recall     : 0.60	val_roc_auc    : 0.74	val_pr_auc     : 0.68	val_f1_score   : 0.62	
2024-11-08 14:34:41,926 - trainer - INFO - Saving current best: model_best.pth ...
2024-11-08 14:34:53,333 - trainer - INFO - epoch: 6
2024-11-08 14:34:53,334 - trainer - INFO -     train          : loss           : 0.56	accuracy       : 0.73	precision      : 0.71	recall         : 0.63	roc_auc        : 0.79	pr_auc         : 0.75	f1_score       : 0.66	
2024-11-08 14:34:53,334 - trainer - INFO -     validation     : val_loss       : 0.60	val_accuracy   : 0.69	val_precision  : 0.64	val_recall     : 0.62	val_roc_auc    : 0.75	val_pr_auc     : 0.70	val_f1_score   : 0.63	
2024-11-08 14:34:53,352 - trainer - INFO - Saving current best: model_best.pth ...
2024-11-08 14:35:04,693 - trainer - INFO - epoch: 7
2024-11-08 14:35:04,694 - trainer - INFO -     train          : loss           : 0.55	accuracy       : 0.73	precision      : 0.71	recall         : 0.65	roc_auc        : 0.80	pr_auc         : 0.76	f1_score       : 0.68	
2024-11-08 14:35:04,694 - trainer - INFO -     validation     : val_loss       : 0.60	val_accuracy   : 0.70	val_precision  : 0.66	val_recall     : 0.60	val_roc_auc    : 0.75	val_pr_auc     : 0.70	val_f1_score   : 0.63	
2024-11-08 14:35:04,726 - trainer - INFO - Saving current best: model_best.pth ...
2024-11-08 14:35:16,141 - trainer - INFO - epoch: 8
2024-11-08 14:35:16,141 - trainer - INFO -     train          : loss           : 0.54	accuracy       : 0.74	precision      : 0.71	recall         : 0.65	roc_auc        : 0.81	pr_auc         : 0.77	f1_score       : 0.68	
2024-11-08 14:35:16,141 - trainer - INFO -     validation     : val_loss       : 0.60	val_accuracy   : 0.70	val_precision  : 0.67	val_recall     : 0.62	val_roc_auc    : 0.76	val_pr_auc     : 0.70	val_f1_score   : 0.64	
2024-11-08 14:35:16,172 - trainer - INFO - Saving current best: model_best.pth ...
2024-11-08 14:35:27,736 - trainer - INFO - epoch: 9
2024-11-08 14:35:27,737 - trainer - INFO -     train          : loss           : 0.53	accuracy       : 0.74	precision      : 0.72	recall         : 0.66	roc_auc        : 0.81	pr_auc         : 0.77	f1_score       : 0.69	
2024-11-08 14:35:27,737 - trainer - INFO -     validation     : val_loss       : 0.59	val_accuracy   : 0.71	val_precision  : 0.67	val_recall     : 0.64	val_roc_auc    : 0.77	val_pr_auc     : 0.71	val_f1_score   : 0.65	
2024-11-08 14:35:27,760 - trainer - INFO - Saving current best: model_best.pth ...
2024-11-08 14:35:39,332 - trainer - INFO - epoch: 10
2024-11-08 14:35:39,333 - trainer - INFO -     train          : loss           : 0.53	accuracy       : 0.74	precision      : 0.72	recall         : 0.67	roc_auc        : 0.82	pr_auc         : 0.78	f1_score       : 0.69	
2024-11-08 14:35:39,333 - trainer - INFO -     validation     : val_loss       : 0.60	val_accuracy   : 0.70	val_precision  : 0.66	val_recall     : 0.63	val_roc_auc    : 0.76	val_pr_auc     : 0.71	val_f1_score   : 0.64	
2024-11-08 14:35:39,352 - trainer - INFO - Saving current best: model_best.pth ...
2024-11-08 14:35:50,795 - trainer - INFO - epoch: 11
2024-11-08 14:35:50,795 - trainer - INFO -     train          : loss           : 0.52	accuracy       : 0.75	precision      : 0.73	recall         : 0.67	roc_auc        : 0.82	pr_auc         : 0.78	f1_score       : 0.70	
2024-11-08 14:35:50,795 - trainer - INFO -     validation     : val_loss       : 0.59	val_accuracy   : 0.71	val_precision  : 0.66	val_recall     : 0.64	val_roc_auc    : 0.77	val_pr_auc     : 0.71	val_f1_score   : 0.65	
2024-11-08 14:35:50,816 - trainer - INFO - Saving current best: model_best.pth ...
2024-11-08 14:36:02,320 - trainer - INFO - epoch: 12
2024-11-08 14:36:02,322 - trainer - INFO -     train          : loss           : 0.52	accuracy       : 0.75	precision      : 0.73	recall         : 0.68	roc_auc        : 0.82	pr_auc         : 0.79	f1_score       : 0.70	
2024-11-08 14:36:02,322 - trainer - INFO -     validation     : val_loss       : 0.60	val_accuracy   : 0.70	val_precision  : 0.66	val_recall     : 0.62	val_roc_auc    : 0.76	val_pr_auc     : 0.71	val_f1_score   : 0.64	
2024-11-08 14:36:02,339 - trainer - INFO - Saving current best: model_best.pth ...
2024-11-08 14:36:13,974 - trainer - INFO - epoch: 13
2024-11-08 14:36:13,974 - trainer - INFO -     train          : loss           : 0.51	accuracy       : 0.76	precision      : 0.73	recall         : 0.68	roc_auc        : 0.83	pr_auc         : 0.79	f1_score       : 0.71	
2024-11-08 14:36:13,974 - trainer - INFO -     validation     : val_loss       : 0.60	val_accuracy   : 0.70	val_precision  : 0.65	val_recall     : 0.64	val_roc_auc    : 0.76	val_pr_auc     : 0.71	val_f1_score   : 0.64	
2024-11-08 14:36:13,993 - trainer - INFO - Saving current best: model_best.pth ...
2024-11-08 14:36:25,738 - trainer - INFO - epoch: 14
2024-11-08 14:36:25,738 - trainer - INFO -     train          : loss           : 0.51	accuracy       : 0.75	precision      : 0.73	recall         : 0.69	roc_auc        : 0.83	pr_auc         : 0.79	f1_score       : 0.71	
2024-11-08 14:36:25,738 - trainer - INFO -     validation     : val_loss       : 0.60	val_accuracy   : 0.69	val_precision  : 0.65	val_recall     : 0.62	val_roc_auc    : 0.76	val_pr_auc     : 0.71	val_f1_score   : 0.63	
2024-11-08 14:36:25,764 - trainer - INFO - Saving current best: model_best.pth ...
2024-11-08 14:36:37,683 - trainer - INFO - epoch: 15
2024-11-08 14:36:37,684 - trainer - INFO -     train          : loss           : 0.51	accuracy       : 0.76	precision      : 0.74	recall         : 0.69	roc_auc        : 0.83	pr_auc         : 0.80	f1_score       : 0.71	
2024-11-08 14:36:37,684 - trainer - INFO -     validation     : val_loss       : 0.60	val_accuracy   : 0.70	val_precision  : 0.66	val_recall     : 0.63	val_roc_auc    : 0.77	val_pr_auc     : 0.71	val_f1_score   : 0.64	
2024-11-08 14:36:37,703 - trainer - INFO - Saving current best: model_best.pth ...
2024-11-08 14:36:49,402 - trainer - INFO - epoch: 16
2024-11-08 14:36:49,404 - trainer - INFO -     train          : loss           : 0.50	accuracy       : 0.76	precision      : 0.74	recall         : 0.69	roc_auc        : 0.83	pr_auc         : 0.80	f1_score       : 0.71	
2024-11-08 14:36:49,404 - trainer - INFO -     validation     : val_loss       : 0.59	val_accuracy   : 0.70	val_precision  : 0.66	val_recall     : 0.64	val_roc_auc    : 0.77	val_pr_auc     : 0.72	val_f1_score   : 0.65	
2024-11-08 14:36:49,432 - trainer - INFO - Saving current best: model_best.pth ...
2024-11-08 14:37:01,069 - trainer - INFO - epoch: 17
2024-11-08 14:37:01,071 - trainer - INFO -     train          : loss           : 0.50	accuracy       : 0.76	precision      : 0.74	recall         : 0.69	roc_auc        : 0.84	pr_auc         : 0.80	f1_score       : 0.72	
2024-11-08 14:37:01,071 - trainer - INFO -     validation     : val_loss       : 0.59	val_accuracy   : 0.70	val_precision  : 0.66	val_recall     : 0.65	val_roc_auc    : 0.77	val_pr_auc     : 0.72	val_f1_score   : 0.65	
2024-11-08 14:37:01,093 - trainer - INFO - Saving current best: model_best.pth ...
2024-11-08 14:37:13,076 - trainer - INFO - epoch: 18
2024-11-08 14:37:13,076 - trainer - INFO -     train          : loss           : 0.50	accuracy       : 0.77	precision      : 0.74	recall         : 0.70	roc_auc        : 0.84	pr_auc         : 0.80	f1_score       : 0.72	
2024-11-08 14:37:13,076 - trainer - INFO -     validation     : val_loss       : 0.59	val_accuracy   : 0.70	val_precision  : 0.66	val_recall     : 0.64	val_roc_auc    : 0.77	val_pr_auc     : 0.72	val_f1_score   : 0.65	
2024-11-08 14:37:13,095 - trainer - INFO - Saving current best: model_best.pth ...
2024-11-08 14:37:25,004 - trainer - INFO - epoch: 19
2024-11-08 14:37:25,004 - trainer - INFO -     train          : loss           : 0.50	accuracy       : 0.77	precision      : 0.74	recall         : 0.70	roc_auc        : 0.84	pr_auc         : 0.81	f1_score       : 0.72	
2024-11-08 14:37:25,004 - trainer - INFO -     validation     : val_loss       : 0.59	val_accuracy   : 0.71	val_precision  : 0.66	val_recall     : 0.66	val_roc_auc    : 0.77	val_pr_auc     : 0.72	val_f1_score   : 0.66	
2024-11-08 14:37:25,023 - trainer - INFO - Saving current best: model_best.pth ...
2024-11-08 14:37:36,683 - trainer - INFO - epoch: 20
2024-11-08 14:37:36,683 - trainer - INFO -     train          : loss           : 0.49	accuracy       : 0.77	precision      : 0.75	recall         : 0.70	roc_auc        : 0.84	pr_auc         : 0.81	f1_score       : 0.72	
2024-11-08 14:37:36,683 - trainer - INFO -     validation     : val_loss       : 0.59	val_accuracy   : 0.71	val_precision  : 0.66	val_recall     : 0.64	val_roc_auc    : 0.77	val_pr_auc     : 0.72	val_f1_score   : 0.65	
2024-11-08 14:37:36,704 - trainer - INFO - Saving current best: model_best.pth ...
2024-11-08 14:37:48,324 - trainer - INFO - epoch: 21
2024-11-08 14:37:48,324 - trainer - INFO -     train          : loss           : 0.46	accuracy       : 0.79	precision      : 0.77	recall         : 0.72	roc_auc        : 0.87	pr_auc         : 0.84	f1_score       : 0.75	
2024-11-08 14:37:48,324 - trainer - INFO -     validation     : val_loss       : 0.59	val_accuracy   : 0.71	val_precision  : 0.66	val_recall     : 0.65	val_roc_auc    : 0.77	val_pr_auc     : 0.72	val_f1_score   : 0.65	
2024-11-08 14:37:48,347 - trainer - INFO - Saving current best: model_best.pth ...
2024-11-08 14:38:02,052 - trainer - INFO - epoch: 22
2024-11-08 14:38:02,052 - trainer - INFO -     train          : loss           : 0.46	accuracy       : 0.79	precision      : 0.78	recall         : 0.73	roc_auc        : 0.87	pr_auc         : 0.84	f1_score       : 0.75	
2024-11-08 14:38:02,052 - trainer - INFO -     validation     : val_loss       : 0.58	val_accuracy   : 0.71	val_precision  : 0.66	val_recall     : 0.65	val_roc_auc    : 0.78	val_pr_auc     : 0.72	val_f1_score   : 0.66	
2024-11-08 14:38:02,073 - trainer - INFO - Saving current best: model_best.pth ...
2024-11-08 14:38:17,758 - trainer - INFO - epoch: 23
2024-11-08 14:38:17,759 - trainer - INFO -     train          : loss           : 0.45	accuracy       : 0.79	precision      : 0.78	recall         : 0.73	roc_auc        : 0.87	pr_auc         : 0.84	f1_score       : 0.75	
2024-11-08 14:38:17,759 - trainer - INFO -     validation     : val_loss       : 0.58	val_accuracy   : 0.72	val_precision  : 0.67	val_recall     : 0.66	val_roc_auc    : 0.78	val_pr_auc     : 0.73	val_f1_score   : 0.66	
2024-11-08 14:38:17,783 - trainer - INFO - Saving current best: model_best.pth ...
2024-11-08 14:38:31,367 - trainer - INFO - epoch: 24
2024-11-08 14:38:31,367 - trainer - INFO -     train          : loss           : 0.45	accuracy       : 0.80	precision      : 0.78	recall         : 0.73	roc_auc        : 0.87	pr_auc         : 0.84	f1_score       : 0.76	
2024-11-08 14:38:31,367 - trainer - INFO -     validation     : val_loss       : 0.59	val_accuracy   : 0.71	val_precision  : 0.66	val_recall     : 0.65	val_roc_auc    : 0.78	val_pr_auc     : 0.73	val_f1_score   : 0.66	
2024-11-08 14:38:31,391 - trainer - INFO - Saving current best: model_best.pth ...
2024-11-08 14:38:45,003 - trainer - INFO - epoch: 25
2024-11-08 14:38:45,004 - trainer - INFO -     train          : loss           : 0.45	accuracy       : 0.80	precision      : 0.78	recall         : 0.73	roc_auc        : 0.87	pr_auc         : 0.85	f1_score       : 0.76	
2024-11-08 14:38:45,004 - trainer - INFO -     validation     : val_loss       : 0.59	val_accuracy   : 0.71	val_precision  : 0.67	val_recall     : 0.65	val_roc_auc    : 0.78	val_pr_auc     : 0.73	val_f1_score   : 0.66	
2024-11-08 14:38:45,025 - trainer - INFO - Saving current best: model_best.pth ...
2024-11-08 14:38:58,655 - trainer - INFO - epoch: 26
2024-11-08 14:38:58,655 - trainer - INFO -     train          : loss           : 0.45	accuracy       : 0.80	precision      : 0.78	recall         : 0.74	roc_auc        : 0.87	pr_auc         : 0.85	f1_score       : 0.76	
2024-11-08 14:38:58,655 - trainer - INFO -     validation     : val_loss       : 0.59	val_accuracy   : 0.71	val_precision  : 0.66	val_recall     : 0.65	val_roc_auc    : 0.78	val_pr_auc     : 0.72	val_f1_score   : 0.66	
2024-11-08 14:38:58,680 - trainer - INFO - Saving current best: model_best.pth ...
2024-11-08 14:39:11,437 - trainer - INFO - epoch: 27
2024-11-08 14:39:11,438 - trainer - INFO -     train          : loss           : 0.45	accuracy       : 0.80	precision      : 0.78	recall         : 0.74	roc_auc        : 0.87	pr_auc         : 0.85	f1_score       : 0.76	
2024-11-08 14:39:11,438 - trainer - INFO -     validation     : val_loss       : 0.59	val_accuracy   : 0.71	val_precision  : 0.66	val_recall     : 0.65	val_roc_auc    : 0.77	val_pr_auc     : 0.72	val_f1_score   : 0.66	
2024-11-08 14:39:24,295 - trainer - INFO - epoch: 28
2024-11-08 14:39:24,296 - trainer - INFO -     train          : loss           : 0.45	accuracy       : 0.80	precision      : 0.78	recall         : 0.74	roc_auc        : 0.87	pr_auc         : 0.85	f1_score       : 0.76	
2024-11-08 14:39:24,296 - trainer - INFO -     validation     : val_loss       : 0.59	val_accuracy   : 0.71	val_precision  : 0.66	val_recall     : 0.66	val_roc_auc    : 0.78	val_pr_auc     : 0.73	val_f1_score   : 0.66	
2024-11-08 14:39:24,325 - trainer - INFO - Saving current best: model_best.pth ...
2024-11-08 14:39:37,676 - trainer - INFO - epoch: 29
2024-11-08 14:39:37,678 - trainer - INFO -     train          : loss           : 0.45	accuracy       : 0.80	precision      : 0.78	recall         : 0.74	roc_auc        : 0.87	pr_auc         : 0.85	f1_score       : 0.76	
2024-11-08 14:39:37,678 - trainer - INFO -     validation     : val_loss       : 0.59	val_accuracy   : 0.71	val_precision  : 0.66	val_recall     : 0.65	val_roc_auc    : 0.78	val_pr_auc     : 0.72	val_f1_score   : 0.66	
2024-11-08 14:39:37,701 - trainer - INFO - Saving current best: model_best.pth ...
2024-11-08 14:39:50,929 - trainer - INFO - epoch: 30
2024-11-08 14:39:50,930 - trainer - INFO -     train          : loss           : 0.45	accuracy       : 0.80	precision      : 0.78	recall         : 0.74	roc_auc        : 0.87	pr_auc         : 0.85	f1_score       : 0.76	
2024-11-08 14:39:50,930 - trainer - INFO -     validation     : val_loss       : 0.59	val_accuracy   : 0.71	val_precision  : 0.66	val_recall     : 0.66	val_roc_auc    : 0.78	val_pr_auc     : 0.72	val_f1_score   : 0.66	
2024-11-08 14:39:50,948 - trainer - INFO - Saving current best: model_best.pth ...
2024-11-08 14:40:03,800 - trainer - INFO - epoch: 31
2024-11-08 14:40:03,802 - trainer - INFO -     train          : loss           : 0.45	accuracy       : 0.80	precision      : 0.78	recall         : 0.74	roc_auc        : 0.87	pr_auc         : 0.85	f1_score       : 0.76	
2024-11-08 14:40:03,802 - trainer - INFO -     validation     : val_loss       : 0.59	val_accuracy   : 0.71	val_precision  : 0.67	val_recall     : 0.65	val_roc_auc    : 0.78	val_pr_auc     : 0.73	val_f1_score   : 0.66	
2024-11-08 14:40:03,820 - trainer - INFO - Saving current best: model_best.pth ...
2024-11-08 14:40:16,491 - trainer - INFO - epoch: 32
2024-11-08 14:40:16,491 - trainer - INFO -     train          : loss           : 0.45	accuracy       : 0.80	precision      : 0.78	recall         : 0.74	roc_auc        : 0.87	pr_auc         : 0.85	f1_score       : 0.76	
2024-11-08 14:40:16,492 - trainer - INFO -     validation     : val_loss       : 0.59	val_accuracy   : 0.71	val_precision  : 0.66	val_recall     : 0.65	val_roc_auc    : 0.78	val_pr_auc     : 0.73	val_f1_score   : 0.66	
2024-11-08 14:40:30,184 - trainer - INFO - epoch: 33
2024-11-08 14:40:30,185 - trainer - INFO -     train          : loss           : 0.45	accuracy       : 0.80	precision      : 0.78	recall         : 0.74	roc_auc        : 0.87	pr_auc         : 0.85	f1_score       : 0.76	
2024-11-08 14:40:30,185 - trainer - INFO -     validation     : val_loss       : 0.59	val_accuracy   : 0.70	val_precision  : 0.66	val_recall     : 0.65	val_roc_auc    : 0.77	val_pr_auc     : 0.72	val_f1_score   : 0.65	
2024-11-08 14:40:30,204 - trainer - INFO - Saving current best: model_best.pth ...
2024-11-08 14:40:43,142 - trainer - INFO - epoch: 34
2024-11-08 14:40:43,144 - trainer - INFO -     train          : loss           : 0.45	accuracy       : 0.80	precision      : 0.78	recall         : 0.74	roc_auc        : 0.87	pr_auc         : 0.85	f1_score       : 0.76	
2024-11-08 14:40:43,144 - trainer - INFO -     validation     : val_loss       : 0.59	val_accuracy   : 0.71	val_precision  : 0.67	val_recall     : 0.65	val_roc_auc    : 0.78	val_pr_auc     : 0.73	val_f1_score   : 0.66	
2024-11-08 14:40:43,168 - trainer - INFO - Saving current best: model_best.pth ...
2024-11-08 14:40:56,054 - trainer - INFO - epoch: 35
2024-11-08 14:40:56,054 - trainer - INFO -     train          : loss           : 0.45	accuracy       : 0.80	precision      : 0.78	recall         : 0.74	roc_auc        : 0.87	pr_auc         : 0.85	f1_score       : 0.76	
2024-11-08 14:40:56,054 - trainer - INFO -     validation     : val_loss       : 0.59	val_accuracy   : 0.71	val_precision  : 0.66	val_recall     : 0.65	val_roc_auc    : 0.78	val_pr_auc     : 0.72	val_f1_score   : 0.65	
2024-11-08 14:40:56,078 - trainer - INFO - Saving current best: model_best.pth ...
2024-11-08 14:41:09,998 - trainer - INFO - epoch: 36
2024-11-08 14:41:10,001 - trainer - INFO -     train          : loss           : 0.45	accuracy       : 0.80	precision      : 0.78	recall         : 0.74	roc_auc        : 0.87	pr_auc         : 0.85	f1_score       : 0.76	
2024-11-08 14:41:10,001 - trainer - INFO -     validation     : val_loss       : 0.59	val_accuracy   : 0.71	val_precision  : 0.66	val_recall     : 0.66	val_roc_auc    : 0.78	val_pr_auc     : 0.73	val_f1_score   : 0.66	
2024-11-08 14:41:10,031 - trainer - INFO - Saving current best: model_best.pth ...
2024-11-08 14:41:23,385 - trainer - INFO - epoch: 37
2024-11-08 14:41:23,386 - trainer - INFO -     train          : loss           : 0.45	accuracy       : 0.80	precision      : 0.78	recall         : 0.74	roc_auc        : 0.87	pr_auc         : 0.85	f1_score       : 0.76	
2024-11-08 14:41:23,386 - trainer - INFO -     validation     : val_loss       : 0.59	val_accuracy   : 0.71	val_precision  : 0.66	val_recall     : 0.65	val_roc_auc    : 0.77	val_pr_auc     : 0.72	val_f1_score   : 0.65	
2024-11-08 14:41:23,413 - trainer - INFO - Saving current best: model_best.pth ...
2024-11-08 14:41:37,668 - trainer - INFO - epoch: 38
2024-11-08 14:41:37,670 - trainer - INFO -     train          : loss           : 0.45	accuracy       : 0.80	precision      : 0.78	recall         : 0.74	roc_auc        : 0.87	pr_auc         : 0.85	f1_score       : 0.76	
2024-11-08 14:41:37,670 - trainer - INFO -     validation     : val_loss       : 0.59	val_accuracy   : 0.71	val_precision  : 0.65	val_recall     : 0.65	val_roc_auc    : 0.77	val_pr_auc     : 0.72	val_f1_score   : 0.65	
2024-11-08 14:41:50,836 - trainer - INFO - epoch: 39
2024-11-08 14:41:50,836 - trainer - INFO -     train          : loss           : 0.45	accuracy       : 0.80	precision      : 0.78	recall         : 0.74	roc_auc        : 0.87	pr_auc         : 0.85	f1_score       : 0.76	
2024-11-08 14:41:50,836 - trainer - INFO -     validation     : val_loss       : 0.59	val_accuracy   : 0.71	val_precision  : 0.67	val_recall     : 0.66	val_roc_auc    : 0.78	val_pr_auc     : 0.73	val_f1_score   : 0.66	
2024-11-08 14:41:50,863 - trainer - INFO - Saving current best: model_best.pth ...
2024-11-08 14:42:04,305 - trainer - INFO - epoch: 40
2024-11-08 14:42:04,306 - trainer - INFO -     train          : loss           : 0.45	accuracy       : 0.80	precision      : 0.78	recall         : 0.74	roc_auc        : 0.88	pr_auc         : 0.85	f1_score       : 0.76	
2024-11-08 14:42:04,306 - trainer - INFO -     validation     : val_loss       : 0.59	val_accuracy   : 0.71	val_precision  : 0.67	val_recall     : 0.66	val_roc_auc    : 0.78	val_pr_auc     : 0.73	val_f1_score   : 0.66	
2024-11-08 14:42:04,337 - trainer - INFO - Saving current best: model_best.pth ...
2024-11-08 14:42:18,176 - trainer - INFO - epoch: 41
2024-11-08 14:42:18,176 - trainer - INFO -     train          : loss           : 0.44	accuracy       : 0.80	precision      : 0.78	recall         : 0.75	roc_auc        : 0.88	pr_auc         : 0.85	f1_score       : 0.76	
2024-11-08 14:42:18,176 - trainer - INFO -     validation     : val_loss       : 0.59	val_accuracy   : 0.71	val_precision  : 0.66	val_recall     : 0.66	val_roc_auc    : 0.78	val_pr_auc     : 0.73	val_f1_score   : 0.66	
2024-11-08 14:42:18,196 - trainer - INFO - Saving current best: model_best.pth ...
2024-11-08 14:42:30,982 - trainer - INFO - epoch: 42
2024-11-08 14:42:30,983 - trainer - INFO -     train          : loss           : 0.44	accuracy       : 0.80	precision      : 0.79	recall         : 0.74	roc_auc        : 0.88	pr_auc         : 0.85	f1_score       : 0.76	
2024-11-08 14:42:30,983 - trainer - INFO -     validation     : val_loss       : 0.59	val_accuracy   : 0.71	val_precision  : 0.66	val_recall     : 0.66	val_roc_auc    : 0.78	val_pr_auc     : 0.72	val_f1_score   : 0.66	
2024-11-08 14:42:31,005 - trainer - INFO - Saving current best: model_best.pth ...
2024-11-08 14:42:43,757 - trainer - INFO - epoch: 43
2024-11-08 14:42:43,758 - trainer - INFO -     train          : loss           : 0.44	accuracy       : 0.80	precision      : 0.79	recall         : 0.74	roc_auc        : 0.88	pr_auc         : 0.85	f1_score       : 0.76	
2024-11-08 14:42:43,758 - trainer - INFO -     validation     : val_loss       : 0.59	val_accuracy   : 0.71	val_precision  : 0.66	val_recall     : 0.66	val_roc_auc    : 0.78	val_pr_auc     : 0.73	val_f1_score   : 0.66	
2024-11-08 14:42:43,785 - trainer - INFO - Saving current best: model_best.pth ...
2024-11-08 14:42:56,031 - trainer - INFO - epoch: 44
2024-11-08 14:42:56,031 - trainer - INFO -     train          : loss           : 0.44	accuracy       : 0.80	precision      : 0.79	recall         : 0.74	roc_auc        : 0.88	pr_auc         : 0.85	f1_score       : 0.76	
2024-11-08 14:42:56,031 - trainer - INFO -     validation     : val_loss       : 0.59	val_accuracy   : 0.71	val_precision  : 0.66	val_recall     : 0.66	val_roc_auc    : 0.78	val_pr_auc     : 0.73	val_f1_score   : 0.66	
2024-11-08 14:42:56,049 - trainer - INFO - Saving current best: model_best.pth ...
2024-11-08 14:43:08,101 - trainer - INFO - epoch: 45
2024-11-08 14:43:08,101 - trainer - INFO -     train          : loss           : 0.44	accuracy       : 0.80	precision      : 0.79	recall         : 0.74	roc_auc        : 0.88	pr_auc         : 0.85	f1_score       : 0.76	
2024-11-08 14:43:08,102 - trainer - INFO -     validation     : val_loss       : 0.59	val_accuracy   : 0.71	val_precision  : 0.67	val_recall     : 0.66	val_roc_auc    : 0.78	val_pr_auc     : 0.73	val_f1_score   : 0.66	
2024-11-08 14:43:08,129 - trainer - INFO - Saving current best: model_best.pth ...
2024-11-08 14:43:20,801 - trainer - INFO - epoch: 46
2024-11-08 14:43:20,802 - trainer - INFO -     train          : loss           : 0.44	accuracy       : 0.80	precision      : 0.79	recall         : 0.74	roc_auc        : 0.88	pr_auc         : 0.85	f1_score       : 0.76	
2024-11-08 14:43:20,802 - trainer - INFO -     validation     : val_loss       : 0.59	val_accuracy   : 0.71	val_precision  : 0.66	val_recall     : 0.66	val_roc_auc    : 0.78	val_pr_auc     : 0.73	val_f1_score   : 0.66	
2024-11-08 14:43:33,311 - trainer - INFO - epoch: 47
2024-11-08 14:43:33,311 - trainer - INFO -     train          : loss           : 0.44	accuracy       : 0.80	precision      : 0.79	recall         : 0.74	roc_auc        : 0.88	pr_auc         : 0.85	f1_score       : 0.76	
2024-11-08 14:43:33,311 - trainer - INFO -     validation     : val_loss       : 0.59	val_accuracy   : 0.71	val_precision  : 0.66	val_recall     : 0.66	val_roc_auc    : 0.78	val_pr_auc     : 0.73	val_f1_score   : 0.66	
2024-11-08 14:43:45,547 - trainer - INFO - epoch: 48
2024-11-08 14:43:45,548 - trainer - INFO -     train          : loss           : 0.44	accuracy       : 0.80	precision      : 0.79	recall         : 0.74	roc_auc        : 0.88	pr_auc         : 0.85	f1_score       : 0.76	
2024-11-08 14:43:45,548 - trainer - INFO -     validation     : val_loss       : 0.59	val_accuracy   : 0.71	val_precision  : 0.66	val_recall     : 0.66	val_roc_auc    : 0.77	val_pr_auc     : 0.72	val_f1_score   : 0.66	
2024-11-08 14:43:58,683 - trainer - INFO - epoch: 49
2024-11-08 14:43:58,684 - trainer - INFO -     train          : loss           : 0.44	accuracy       : 0.80	precision      : 0.79	recall         : 0.74	roc_auc        : 0.88	pr_auc         : 0.85	f1_score       : 0.76	
2024-11-08 14:43:58,684 - trainer - INFO -     validation     : val_loss       : 0.59	val_accuracy   : 0.71	val_precision  : 0.66	val_recall     : 0.66	val_roc_auc    : 0.78	val_pr_auc     : 0.72	val_f1_score   : 0.66	
2024-11-08 14:44:10,896 - trainer - INFO - epoch: 50
2024-11-08 14:44:10,896 - trainer - INFO -     train          : loss           : 0.44	accuracy       : 0.80	precision      : 0.79	recall         : 0.74	roc_auc        : 0.88	pr_auc         : 0.85	f1_score       : 0.76	
2024-11-08 14:44:10,897 - trainer - INFO -     validation     : val_loss       : 0.59	val_accuracy   : 0.71	val_precision  : 0.66	val_recall     : 0.66	val_roc_auc    : 0.78	val_pr_auc     : 0.73	val_f1_score   : 0.66	
2024-11-08 14:44:10,897 - test - INFO - GraphSynergy(
  (protein_embedding): Embedding(15970, 64)
  (cell_embedding): Embedding(76, 64)
  (drug_embedding): Embedding(764, 64)
  (aggregation_function): Linear(in_features=128, out_features=64, bias=True)
  (combine_function): Linear(in_features=128, out_features=64, bias=False)
)
Trainable parameters: 1092288
2024-11-08 14:44:10,898 - test - INFO - Loading checkpoint: saved/models/DrugCombDB/1108_143340/model_best.pth ...
2024-11-08 14:44:13,286 - test - INFO - {'loss': 0.604248735609817, 'accuracy': 0.7015460030165912, 'precision': 0.6646899745475113, 'recall': 0.6368673333215498, 'roc_auc': 0.7661914393912613, 'pr_auc': 0.7196828344468797, 'f1_score': 0.650031088344292}
