2024-11-08 15:05:43,656 - train - INFO - GraphSynergy(
  (protein_embedding): Embedding(15970, 64)
  (cell_embedding): Embedding(76, 64)
  (drug_embedding): Embedding(764, 64)
  (aggregation_function): Linear(in_features=128, out_features=64, bias=True)
  (combine_function): Linear(in_features=128, out_features=64, bias=False)
)
Trainable parameters: 1092288
2024-11-08 15:05:44,126 - trainer - WARNING - Warning: There's no GPU available on this machine,training will be performed on CPU.
2024-11-08 15:05:58,778 - trainer - INFO - epoch: 1
2024-11-08 15:05:58,779 - trainer - INFO -     train          : loss           : 0.78	accuracy       : 0.61	precision      : 0.58	recall         : 0.49	roc_auc        : 0.64	pr_auc         : 0.58	f1_score       : 0.53	
2024-11-08 15:05:58,780 - trainer - INFO -     validation     : val_loss       : 0.63	val_accuracy   : 0.67	val_precision  : 0.68	val_recall     : 0.53	val_roc_auc    : 0.74	val_pr_auc     : 0.69	val_f1_score   : 0.59	
2024-11-08 15:05:58,810 - trainer - INFO - Saving current best: model_best.pth ...
2024-11-08 15:06:14,967 - trainer - INFO - epoch: 2
2024-11-08 15:06:14,967 - trainer - INFO -     train          : loss           : 0.60	accuracy       : 0.70	precision      : 0.69	recall         : 0.58	roc_auc        : 0.76	pr_auc         : 0.72	f1_score       : 0.63	
2024-11-08 15:06:14,967 - trainer - INFO -     validation     : val_loss       : 0.61	val_accuracy   : 0.70	val_precision  : 0.70	val_recall     : 0.58	val_roc_auc    : 0.76	val_pr_auc     : 0.72	val_f1_score   : 0.64	
2024-11-08 15:06:14,990 - trainer - INFO - Saving current best: model_best.pth ...
2024-11-08 15:06:31,397 - trainer - INFO - epoch: 3
2024-11-08 15:06:31,398 - trainer - INFO -     train          : loss           : 0.56	accuracy       : 0.73	precision      : 0.72	recall         : 0.63	roc_auc        : 0.80	pr_auc         : 0.76	f1_score       : 0.67	
2024-11-08 15:06:31,398 - trainer - INFO -     validation     : val_loss       : 0.58	val_accuracy   : 0.71	val_precision  : 0.70	val_recall     : 0.63	val_roc_auc    : 0.78	val_pr_auc     : 0.75	val_f1_score   : 0.66	
2024-11-08 15:06:31,418 - trainer - INFO - Saving current best: model_best.pth ...
2024-11-08 15:06:47,132 - trainer - INFO - epoch: 4
2024-11-08 15:06:47,132 - trainer - INFO -     train          : loss           : 0.54	accuracy       : 0.74	precision      : 0.73	recall         : 0.66	roc_auc        : 0.81	pr_auc         : 0.78	f1_score       : 0.69	
2024-11-08 15:06:47,132 - trainer - INFO -     validation     : val_loss       : 0.57	val_accuracy   : 0.72	val_precision  : 0.70	val_recall     : 0.65	val_roc_auc    : 0.79	val_pr_auc     : 0.75	val_f1_score   : 0.68	
2024-11-08 15:06:47,153 - trainer - INFO - Saving current best: model_best.pth ...
2024-11-08 15:07:02,640 - trainer - INFO - epoch: 5
2024-11-08 15:07:02,641 - trainer - INFO -     train          : loss           : 0.53	accuracy       : 0.75	precision      : 0.73	recall         : 0.68	roc_auc        : 0.83	pr_auc         : 0.79	f1_score       : 0.71	
2024-11-08 15:07:02,641 - trainer - INFO -     validation     : val_loss       : 0.57	val_accuracy   : 0.72	val_precision  : 0.70	val_recall     : 0.67	val_roc_auc    : 0.79	val_pr_auc     : 0.76	val_f1_score   : 0.68	
2024-11-08 15:07:02,665 - trainer - INFO - Saving current best: model_best.pth ...
2024-11-08 15:07:19,052 - trainer - INFO - epoch: 6
2024-11-08 15:07:19,053 - trainer - INFO -     train          : loss           : 0.52	accuracy       : 0.75	precision      : 0.74	recall         : 0.69	roc_auc        : 0.83	pr_auc         : 0.80	f1_score       : 0.71	
2024-11-08 15:07:19,053 - trainer - INFO -     validation     : val_loss       : 0.57	val_accuracy   : 0.72	val_precision  : 0.70	val_recall     : 0.67	val_roc_auc    : 0.79	val_pr_auc     : 0.76	val_f1_score   : 0.68	
2024-11-08 15:07:19,084 - trainer - INFO - Saving current best: model_best.pth ...
2024-11-08 15:07:36,599 - trainer - INFO - epoch: 7
2024-11-08 15:07:36,600 - trainer - INFO -     train          : loss           : 0.51	accuracy       : 0.76	precision      : 0.75	recall         : 0.70	roc_auc        : 0.84	pr_auc         : 0.81	f1_score       : 0.72	
2024-11-08 15:07:36,600 - trainer - INFO -     validation     : val_loss       : 0.56	val_accuracy   : 0.73	val_precision  : 0.72	val_recall     : 0.65	val_roc_auc    : 0.80	val_pr_auc     : 0.77	val_f1_score   : 0.68	
2024-11-08 15:07:36,619 - trainer - INFO - Saving current best: model_best.pth ...
2024-11-08 15:07:54,609 - trainer - INFO - epoch: 8
2024-11-08 15:07:54,610 - trainer - INFO -     train          : loss           : 0.50	accuracy       : 0.77	precision      : 0.75	recall         : 0.71	roc_auc        : 0.84	pr_auc         : 0.82	f1_score       : 0.73	
2024-11-08 15:07:54,610 - trainer - INFO -     validation     : val_loss       : 0.55	val_accuracy   : 0.73	val_precision  : 0.71	val_recall     : 0.70	val_roc_auc    : 0.81	val_pr_auc     : 0.78	val_f1_score   : 0.70	
2024-11-08 15:07:54,640 - trainer - INFO - Saving current best: model_best.pth ...
2024-11-08 15:08:10,164 - trainer - INFO - epoch: 9
2024-11-08 15:08:10,165 - trainer - INFO -     train          : loss           : 0.49	accuracy       : 0.77	precision      : 0.75	recall         : 0.71	roc_auc        : 0.85	pr_auc         : 0.82	f1_score       : 0.73	
2024-11-08 15:08:10,165 - trainer - INFO -     validation     : val_loss       : 0.55	val_accuracy   : 0.73	val_precision  : 0.71	val_recall     : 0.69	val_roc_auc    : 0.81	val_pr_auc     : 0.77	val_f1_score   : 0.70	
2024-11-08 15:08:10,196 - trainer - INFO - Saving current best: model_best.pth ...
2024-11-08 15:08:25,102 - trainer - INFO - epoch: 10
2024-11-08 15:08:25,103 - trainer - INFO -     train          : loss           : 0.49	accuracy       : 0.77	precision      : 0.75	recall         : 0.72	roc_auc        : 0.85	pr_auc         : 0.83	f1_score       : 0.74	
2024-11-08 15:08:25,104 - trainer - INFO -     validation     : val_loss       : 0.55	val_accuracy   : 0.73	val_precision  : 0.73	val_recall     : 0.66	val_roc_auc    : 0.81	val_pr_auc     : 0.78	val_f1_score   : 0.69	
2024-11-08 15:08:25,125 - trainer - INFO - Saving current best: model_best.pth ...
2024-11-08 15:08:40,194 - trainer - INFO - epoch: 11
2024-11-08 15:08:40,195 - trainer - INFO -     train          : loss           : 0.48	accuracy       : 0.77	precision      : 0.76	recall         : 0.72	roc_auc        : 0.85	pr_auc         : 0.83	f1_score       : 0.74	
2024-11-08 15:08:40,195 - trainer - INFO -     validation     : val_loss       : 0.54	val_accuracy   : 0.74	val_precision  : 0.72	val_recall     : 0.68	val_roc_auc    : 0.81	val_pr_auc     : 0.78	val_f1_score   : 0.70	
2024-11-08 15:08:40,218 - trainer - INFO - Saving current best: model_best.pth ...
2024-11-08 15:08:55,733 - trainer - INFO - epoch: 12
2024-11-08 15:08:55,734 - trainer - INFO -     train          : loss           : 0.48	accuracy       : 0.77	precision      : 0.76	recall         : 0.72	roc_auc        : 0.85	pr_auc         : 0.83	f1_score       : 0.74	
2024-11-08 15:08:55,734 - trainer - INFO -     validation     : val_loss       : 0.54	val_accuracy   : 0.74	val_precision  : 0.73	val_recall     : 0.67	val_roc_auc    : 0.82	val_pr_auc     : 0.78	val_f1_score   : 0.70	
2024-11-08 15:08:55,756 - trainer - INFO - Saving current best: model_best.pth ...
2024-11-08 15:09:10,755 - trainer - INFO - epoch: 13
2024-11-08 15:09:10,755 - trainer - INFO -     train          : loss           : 0.47	accuracy       : 0.78	precision      : 0.76	recall         : 0.73	roc_auc        : 0.86	pr_auc         : 0.83	f1_score       : 0.74	
2024-11-08 15:09:10,756 - trainer - INFO -     validation     : val_loss       : 0.55	val_accuracy   : 0.74	val_precision  : 0.73	val_recall     : 0.65	val_roc_auc    : 0.81	val_pr_auc     : 0.78	val_f1_score   : 0.69	
2024-11-08 15:09:10,788 - trainer - INFO - Saving current best: model_best.pth ...
2024-11-08 15:09:25,615 - trainer - INFO - epoch: 14
2024-11-08 15:09:25,615 - trainer - INFO -     train          : loss           : 0.47	accuracy       : 0.78	precision      : 0.76	recall         : 0.73	roc_auc        : 0.86	pr_auc         : 0.83	f1_score       : 0.75	
2024-11-08 15:09:25,615 - trainer - INFO -     validation     : val_loss       : 0.54	val_accuracy   : 0.74	val_precision  : 0.73	val_recall     : 0.69	val_roc_auc    : 0.81	val_pr_auc     : 0.78	val_f1_score   : 0.71	
2024-11-08 15:09:25,633 - trainer - INFO - Saving current best: model_best.pth ...
2024-11-08 15:09:41,595 - trainer - INFO - epoch: 15
2024-11-08 15:09:41,595 - trainer - INFO -     train          : loss           : 0.47	accuracy       : 0.78	precision      : 0.76	recall         : 0.73	roc_auc        : 0.86	pr_auc         : 0.84	f1_score       : 0.75	
2024-11-08 15:09:41,596 - trainer - INFO -     validation     : val_loss       : 0.55	val_accuracy   : 0.74	val_precision  : 0.73	val_recall     : 0.68	val_roc_auc    : 0.81	val_pr_auc     : 0.78	val_f1_score   : 0.70	
2024-11-08 15:09:41,619 - trainer - INFO - Saving current best: model_best.pth ...
2024-11-08 15:09:56,240 - trainer - INFO - epoch: 16
2024-11-08 15:09:56,240 - trainer - INFO -     train          : loss           : 0.47	accuracy       : 0.78	precision      : 0.77	recall         : 0.73	roc_auc        : 0.86	pr_auc         : 0.84	f1_score       : 0.75	
2024-11-08 15:09:56,240 - trainer - INFO -     validation     : val_loss       : 0.54	val_accuracy   : 0.74	val_precision  : 0.72	val_recall     : 0.70	val_roc_auc    : 0.82	val_pr_auc     : 0.78	val_f1_score   : 0.71	
2024-11-08 15:09:56,259 - trainer - INFO - Saving current best: model_best.pth ...
2024-11-08 15:10:10,967 - trainer - INFO - epoch: 17
2024-11-08 15:10:10,967 - trainer - INFO -     train          : loss           : 0.46	accuracy       : 0.79	precision      : 0.77	recall         : 0.74	roc_auc        : 0.86	pr_auc         : 0.84	f1_score       : 0.75	
2024-11-08 15:10:10,967 - trainer - INFO -     validation     : val_loss       : 0.53	val_accuracy   : 0.75	val_precision  : 0.73	val_recall     : 0.70	val_roc_auc    : 0.82	val_pr_auc     : 0.79	val_f1_score   : 0.72	
2024-11-08 15:10:10,985 - trainer - INFO - Saving current best: model_best.pth ...
2024-11-08 15:10:25,676 - trainer - INFO - epoch: 18
2024-11-08 15:10:25,677 - trainer - INFO -     train          : loss           : 0.46	accuracy       : 0.78	precision      : 0.77	recall         : 0.74	roc_auc        : 0.87	pr_auc         : 0.84	f1_score       : 0.75	
2024-11-08 15:10:25,678 - trainer - INFO -     validation     : val_loss       : 0.54	val_accuracy   : 0.74	val_precision  : 0.73	val_recall     : 0.69	val_roc_auc    : 0.82	val_pr_auc     : 0.79	val_f1_score   : 0.71	
2024-11-08 15:10:25,697 - trainer - INFO - Saving current best: model_best.pth ...
2024-11-08 15:10:40,326 - trainer - INFO - epoch: 19
2024-11-08 15:10:40,326 - trainer - INFO -     train          : loss           : 0.46	accuracy       : 0.79	precision      : 0.77	recall         : 0.74	roc_auc        : 0.87	pr_auc         : 0.84	f1_score       : 0.76	
2024-11-08 15:10:40,326 - trainer - INFO -     validation     : val_loss       : 0.54	val_accuracy   : 0.74	val_precision  : 0.73	val_recall     : 0.69	val_roc_auc    : 0.82	val_pr_auc     : 0.78	val_f1_score   : 0.71	
2024-11-08 15:10:40,357 - trainer - INFO - Saving current best: model_best.pth ...
2024-11-08 15:10:55,227 - trainer - INFO - epoch: 20
2024-11-08 15:10:55,228 - trainer - INFO -     train          : loss           : 0.46	accuracy       : 0.79	precision      : 0.77	recall         : 0.74	roc_auc        : 0.87	pr_auc         : 0.85	f1_score       : 0.75	
2024-11-08 15:10:55,228 - trainer - INFO -     validation     : val_loss       : 0.53	val_accuracy   : 0.75	val_precision  : 0.73	val_recall     : 0.69	val_roc_auc    : 0.82	val_pr_auc     : 0.79	val_f1_score   : 0.71	
2024-11-08 15:10:55,247 - trainer - INFO - Saving current best: model_best.pth ...
2024-11-08 15:11:10,637 - trainer - INFO - epoch: 21
2024-11-08 15:11:10,637 - trainer - INFO -     train          : loss           : 0.43	accuracy       : 0.81	precision      : 0.79	recall         : 0.77	roc_auc        : 0.89	pr_auc         : 0.87	f1_score       : 0.78	
2024-11-08 15:11:10,637 - trainer - INFO -     validation     : val_loss       : 0.53	val_accuracy   : 0.75	val_precision  : 0.73	val_recall     : 0.69	val_roc_auc    : 0.83	val_pr_auc     : 0.79	val_f1_score   : 0.71	
2024-11-08 15:11:10,664 - trainer - INFO - Saving current best: model_best.pth ...
2024-11-08 15:11:25,653 - trainer - INFO - epoch: 22
2024-11-08 15:11:25,653 - trainer - INFO -     train          : loss           : 0.42	accuracy       : 0.81	precision      : 0.80	recall         : 0.77	roc_auc        : 0.89	pr_auc         : 0.87	f1_score       : 0.78	
2024-11-08 15:11:25,653 - trainer - INFO -     validation     : val_loss       : 0.52	val_accuracy   : 0.75	val_precision  : 0.74	val_recall     : 0.70	val_roc_auc    : 0.83	val_pr_auc     : 0.80	val_f1_score   : 0.72	
2024-11-08 15:11:25,677 - trainer - INFO - Saving current best: model_best.pth ...
2024-11-08 15:11:40,893 - trainer - INFO - epoch: 23
2024-11-08 15:11:40,894 - trainer - INFO -     train          : loss           : 0.42	accuracy       : 0.81	precision      : 0.80	recall         : 0.77	roc_auc        : 0.89	pr_auc         : 0.88	f1_score       : 0.78	
2024-11-08 15:11:40,894 - trainer - INFO -     validation     : val_loss       : 0.53	val_accuracy   : 0.75	val_precision  : 0.73	val_recall     : 0.70	val_roc_auc    : 0.82	val_pr_auc     : 0.78	val_f1_score   : 0.71	
2024-11-08 15:11:40,913 - trainer - INFO - Saving current best: model_best.pth ...
2024-11-08 15:11:56,089 - trainer - INFO - epoch: 24
2024-11-08 15:11:56,090 - trainer - INFO -     train          : loss           : 0.42	accuracy       : 0.81	precision      : 0.80	recall         : 0.77	roc_auc        : 0.89	pr_auc         : 0.88	f1_score       : 0.78	
2024-11-08 15:11:56,090 - trainer - INFO -     validation     : val_loss       : 0.53	val_accuracy   : 0.75	val_precision  : 0.74	val_recall     : 0.70	val_roc_auc    : 0.83	val_pr_auc     : 0.80	val_f1_score   : 0.72	
2024-11-08 15:11:56,116 - trainer - INFO - Saving current best: model_best.pth ...
2024-11-08 15:12:10,774 - trainer - INFO - epoch: 25
2024-11-08 15:12:10,774 - trainer - INFO -     train          : loss           : 0.42	accuracy       : 0.81	precision      : 0.80	recall         : 0.77	roc_auc        : 0.89	pr_auc         : 0.88	f1_score       : 0.78	
2024-11-08 15:12:10,774 - trainer - INFO -     validation     : val_loss       : 0.53	val_accuracy   : 0.75	val_precision  : 0.72	val_recall     : 0.70	val_roc_auc    : 0.82	val_pr_auc     : 0.79	val_f1_score   : 0.71	
2024-11-08 15:12:10,797 - trainer - INFO - Saving current best: model_best.pth ...
2024-11-08 15:12:25,385 - trainer - INFO - epoch: 26
2024-11-08 15:12:25,386 - trainer - INFO -     train          : loss           : 0.42	accuracy       : 0.81	precision      : 0.80	recall         : 0.77	roc_auc        : 0.89	pr_auc         : 0.88	f1_score       : 0.79	
2024-11-08 15:12:25,386 - trainer - INFO -     validation     : val_loss       : 0.52	val_accuracy   : 0.76	val_precision  : 0.74	val_recall     : 0.71	val_roc_auc    : 0.83	val_pr_auc     : 0.79	val_f1_score   : 0.72	
2024-11-08 15:12:25,405 - trainer - INFO - Saving current best: model_best.pth ...
2024-11-08 15:12:40,072 - trainer - INFO - epoch: 27
2024-11-08 15:12:40,072 - trainer - INFO -     train          : loss           : 0.42	accuracy       : 0.81	precision      : 0.80	recall         : 0.77	roc_auc        : 0.89	pr_auc         : 0.88	f1_score       : 0.78	
2024-11-08 15:12:40,072 - trainer - INFO -     validation     : val_loss       : 0.53	val_accuracy   : 0.75	val_precision  : 0.73	val_recall     : 0.69	val_roc_auc    : 0.82	val_pr_auc     : 0.79	val_f1_score   : 0.71	
2024-11-08 15:12:54,906 - trainer - INFO - epoch: 28
2024-11-08 15:12:54,907 - trainer - INFO -     train          : loss           : 0.41	accuracy       : 0.81	precision      : 0.80	recall         : 0.77	roc_auc        : 0.89	pr_auc         : 0.88	f1_score       : 0.79	
2024-11-08 15:12:54,907 - trainer - INFO -     validation     : val_loss       : 0.52	val_accuracy   : 0.75	val_precision  : 0.74	val_recall     : 0.70	val_roc_auc    : 0.83	val_pr_auc     : 0.80	val_f1_score   : 0.72	
2024-11-08 15:13:10,367 - trainer - INFO - epoch: 29
2024-11-08 15:13:10,367 - trainer - INFO -     train          : loss           : 0.41	accuracy       : 0.81	precision      : 0.80	recall         : 0.77	roc_auc        : 0.89	pr_auc         : 0.88	f1_score       : 0.78	
2024-11-08 15:13:10,367 - trainer - INFO -     validation     : val_loss       : 0.53	val_accuracy   : 0.76	val_precision  : 0.74	val_recall     : 0.71	val_roc_auc    : 0.83	val_pr_auc     : 0.80	val_f1_score   : 0.72	
2024-11-08 15:13:10,397 - trainer - INFO - Saving current best: model_best.pth ...
2024-11-08 15:13:25,604 - trainer - INFO - epoch: 30
2024-11-08 15:13:25,606 - trainer - INFO -     train          : loss           : 0.41	accuracy       : 0.81	precision      : 0.80	recall         : 0.77	roc_auc        : 0.89	pr_auc         : 0.88	f1_score       : 0.79	
2024-11-08 15:13:25,606 - trainer - INFO -     validation     : val_loss       : 0.52	val_accuracy   : 0.75	val_precision  : 0.74	val_recall     : 0.70	val_roc_auc    : 0.83	val_pr_auc     : 0.80	val_f1_score   : 0.72	
2024-11-08 15:13:25,628 - trainer - INFO - Saving current best: model_best.pth ...
2024-11-08 15:13:41,249 - trainer - INFO - epoch: 31
2024-11-08 15:13:41,250 - trainer - INFO -     train          : loss           : 0.41	accuracy       : 0.81	precision      : 0.80	recall         : 0.77	roc_auc        : 0.89	pr_auc         : 0.88	f1_score       : 0.78	
2024-11-08 15:13:41,250 - trainer - INFO -     validation     : val_loss       : 0.53	val_accuracy   : 0.75	val_precision  : 0.73	val_recall     : 0.70	val_roc_auc    : 0.83	val_pr_auc     : 0.80	val_f1_score   : 0.72	
2024-11-08 15:13:41,278 - trainer - INFO - Saving current best: model_best.pth ...
2024-11-08 15:13:56,040 - trainer - INFO - epoch: 32
2024-11-08 15:13:56,041 - trainer - INFO -     train          : loss           : 0.41	accuracy       : 0.81	precision      : 0.80	recall         : 0.78	roc_auc        : 0.90	pr_auc         : 0.88	f1_score       : 0.79	
2024-11-08 15:13:56,041 - trainer - INFO -     validation     : val_loss       : 0.53	val_accuracy   : 0.75	val_precision  : 0.74	val_recall     : 0.70	val_roc_auc    : 0.83	val_pr_auc     : 0.80	val_f1_score   : 0.72	
2024-11-08 15:13:56,069 - trainer - INFO - Saving current best: model_best.pth ...
2024-11-08 15:14:10,744 - trainer - INFO - epoch: 33
2024-11-08 15:14:10,745 - trainer - INFO -     train          : loss           : 0.41	accuracy       : 0.81	precision      : 0.80	recall         : 0.77	roc_auc        : 0.89	pr_auc         : 0.88	f1_score       : 0.79	
2024-11-08 15:14:10,745 - trainer - INFO -     validation     : val_loss       : 0.52	val_accuracy   : 0.76	val_precision  : 0.75	val_recall     : 0.70	val_roc_auc    : 0.83	val_pr_auc     : 0.80	val_f1_score   : 0.72	
2024-11-08 15:14:26,036 - trainer - INFO - epoch: 34
2024-11-08 15:14:26,037 - trainer - INFO -     train          : loss           : 0.41	accuracy       : 0.81	precision      : 0.80	recall         : 0.77	roc_auc        : 0.90	pr_auc         : 0.88	f1_score       : 0.79	
2024-11-08 15:14:26,037 - trainer - INFO -     validation     : val_loss       : 0.52	val_accuracy   : 0.76	val_precision  : 0.74	val_recall     : 0.71	val_roc_auc    : 0.83	val_pr_auc     : 0.80	val_f1_score   : 0.72	
2024-11-08 15:14:41,295 - trainer - INFO - epoch: 35
2024-11-08 15:14:41,296 - trainer - INFO -     train          : loss           : 0.41	accuracy       : 0.81	precision      : 0.80	recall         : 0.77	roc_auc        : 0.89	pr_auc         : 0.88	f1_score       : 0.79	
2024-11-08 15:14:41,297 - trainer - INFO -     validation     : val_loss       : 0.52	val_accuracy   : 0.75	val_precision  : 0.75	val_recall     : 0.70	val_roc_auc    : 0.83	val_pr_auc     : 0.80	val_f1_score   : 0.72	
2024-11-08 15:14:56,486 - trainer - INFO - epoch: 36
2024-11-08 15:14:56,487 - trainer - INFO -     train          : loss           : 0.41	accuracy       : 0.81	precision      : 0.80	recall         : 0.78	roc_auc        : 0.90	pr_auc         : 0.88	f1_score       : 0.79	
2024-11-08 15:14:56,488 - trainer - INFO -     validation     : val_loss       : 0.53	val_accuracy   : 0.75	val_precision  : 0.74	val_recall     : 0.70	val_roc_auc    : 0.83	val_pr_auc     : 0.80	val_f1_score   : 0.72	
2024-11-08 15:15:12,726 - trainer - INFO - epoch: 37
2024-11-08 15:15:12,727 - trainer - INFO -     train          : loss           : 0.41	accuracy       : 0.81	precision      : 0.80	recall         : 0.77	roc_auc        : 0.90	pr_auc         : 0.88	f1_score       : 0.79	
2024-11-08 15:15:12,727 - trainer - INFO -     validation     : val_loss       : 0.53	val_accuracy   : 0.75	val_precision  : 0.73	val_recall     : 0.71	val_roc_auc    : 0.83	val_pr_auc     : 0.80	val_f1_score   : 0.72	
2024-11-08 15:15:12,754 - trainer - INFO - Saving current best: model_best.pth ...
2024-11-08 15:15:28,821 - trainer - INFO - epoch: 38
2024-11-08 15:15:28,823 - trainer - INFO -     train          : loss           : 0.41	accuracy       : 0.81	precision      : 0.80	recall         : 0.78	roc_auc        : 0.90	pr_auc         : 0.88	f1_score       : 0.79	
2024-11-08 15:15:28,823 - trainer - INFO -     validation     : val_loss       : 0.52	val_accuracy   : 0.76	val_precision  : 0.74	val_recall     : 0.71	val_roc_auc    : 0.83	val_pr_auc     : 0.80	val_f1_score   : 0.73	
2024-11-08 15:15:28,846 - trainer - INFO - Saving current best: model_best.pth ...
2024-11-08 15:15:43,874 - trainer - INFO - epoch: 39
2024-11-08 15:15:43,874 - trainer - INFO -     train          : loss           : 0.41	accuracy       : 0.81	precision      : 0.80	recall         : 0.77	roc_auc        : 0.90	pr_auc         : 0.88	f1_score       : 0.79	
2024-11-08 15:15:43,874 - trainer - INFO -     validation     : val_loss       : 0.53	val_accuracy   : 0.75	val_precision  : 0.74	val_recall     : 0.71	val_roc_auc    : 0.83	val_pr_auc     : 0.80	val_f1_score   : 0.72	
2024-11-08 15:15:43,897 - trainer - INFO - Saving current best: model_best.pth ...
2024-11-08 15:15:58,532 - trainer - INFO - epoch: 40
2024-11-08 15:15:58,533 - trainer - INFO -     train          : loss           : 0.41	accuracy       : 0.81	precision      : 0.80	recall         : 0.78	roc_auc        : 0.90	pr_auc         : 0.88	f1_score       : 0.79	
2024-11-08 15:15:58,533 - trainer - INFO -     validation     : val_loss       : 0.53	val_accuracy   : 0.75	val_precision  : 0.74	val_recall     : 0.71	val_roc_auc    : 0.83	val_pr_auc     : 0.80	val_f1_score   : 0.72	
2024-11-08 15:16:13,641 - trainer - INFO - epoch: 41
2024-11-08 15:16:13,642 - trainer - INFO -     train          : loss           : 0.41	accuracy       : 0.82	precision      : 0.80	recall         : 0.78	roc_auc        : 0.90	pr_auc         : 0.88	f1_score       : 0.79	
2024-11-08 15:16:13,642 - trainer - INFO -     validation     : val_loss       : 0.53	val_accuracy   : 0.75	val_precision  : 0.74	val_recall     : 0.71	val_roc_auc    : 0.83	val_pr_auc     : 0.80	val_f1_score   : 0.72	
2024-11-08 15:16:13,680 - trainer - INFO - Saving current best: model_best.pth ...
2024-11-08 15:16:29,385 - trainer - INFO - epoch: 42
2024-11-08 15:16:29,388 - trainer - INFO -     train          : loss           : 0.41	accuracy       : 0.82	precision      : 0.80	recall         : 0.78	roc_auc        : 0.90	pr_auc         : 0.88	f1_score       : 0.79	
2024-11-08 15:16:29,388 - trainer - INFO -     validation     : val_loss       : 0.53	val_accuracy   : 0.75	val_precision  : 0.74	val_recall     : 0.70	val_roc_auc    : 0.83	val_pr_auc     : 0.80	val_f1_score   : 0.72	
2024-11-08 15:16:44,906 - trainer - INFO - epoch: 43
2024-11-08 15:16:44,907 - trainer - INFO -     train          : loss           : 0.41	accuracy       : 0.82	precision      : 0.80	recall         : 0.78	roc_auc        : 0.90	pr_auc         : 0.88	f1_score       : 0.79	
2024-11-08 15:16:44,907 - trainer - INFO -     validation     : val_loss       : 0.53	val_accuracy   : 0.75	val_precision  : 0.73	val_recall     : 0.71	val_roc_auc    : 0.83	val_pr_auc     : 0.80	val_f1_score   : 0.72	
2024-11-08 15:16:44,929 - trainer - INFO - Saving current best: model_best.pth ...
2024-11-08 15:16:59,576 - trainer - INFO - epoch: 44
2024-11-08 15:16:59,577 - trainer - INFO -     train          : loss           : 0.41	accuracy       : 0.82	precision      : 0.80	recall         : 0.78	roc_auc        : 0.90	pr_auc         : 0.88	f1_score       : 0.79	
2024-11-08 15:16:59,577 - trainer - INFO -     validation     : val_loss       : 0.53	val_accuracy   : 0.75	val_precision  : 0.73	val_recall     : 0.70	val_roc_auc    : 0.83	val_pr_auc     : 0.79	val_f1_score   : 0.72	
2024-11-08 15:16:59,604 - trainer - INFO - Saving current best: model_best.pth ...
2024-11-08 15:17:14,282 - trainer - INFO - epoch: 45
2024-11-08 15:17:14,284 - trainer - INFO -     train          : loss           : 0.41	accuracy       : 0.82	precision      : 0.80	recall         : 0.78	roc_auc        : 0.90	pr_auc         : 0.88	f1_score       : 0.79	
2024-11-08 15:17:14,284 - trainer - INFO -     validation     : val_loss       : 0.52	val_accuracy   : 0.76	val_precision  : 0.74	val_recall     : 0.71	val_roc_auc    : 0.83	val_pr_auc     : 0.80	val_f1_score   : 0.72	
2024-11-08 15:17:14,310 - trainer - INFO - Saving current best: model_best.pth ...
2024-11-08 15:17:28,991 - trainer - INFO - epoch: 46
2024-11-08 15:17:28,993 - trainer - INFO -     train          : loss           : 0.41	accuracy       : 0.82	precision      : 0.80	recall         : 0.78	roc_auc        : 0.90	pr_auc         : 0.88	f1_score       : 0.79	
2024-11-08 15:17:28,993 - trainer - INFO -     validation     : val_loss       : 0.53	val_accuracy   : 0.75	val_precision  : 0.74	val_recall     : 0.70	val_roc_auc    : 0.83	val_pr_auc     : 0.80	val_f1_score   : 0.72	
2024-11-08 15:17:43,538 - trainer - INFO - epoch: 47
2024-11-08 15:17:43,539 - trainer - INFO -     train          : loss           : 0.41	accuracy       : 0.82	precision      : 0.80	recall         : 0.78	roc_auc        : 0.90	pr_auc         : 0.88	f1_score       : 0.79	
2024-11-08 15:17:43,539 - trainer - INFO -     validation     : val_loss       : 0.53	val_accuracy   : 0.75	val_precision  : 0.74	val_recall     : 0.70	val_roc_auc    : 0.83	val_pr_auc     : 0.80	val_f1_score   : 0.72	
2024-11-08 15:17:58,667 - trainer - INFO - epoch: 48
2024-11-08 15:17:58,668 - trainer - INFO -     train          : loss           : 0.41	accuracy       : 0.82	precision      : 0.80	recall         : 0.78	roc_auc        : 0.90	pr_auc         : 0.88	f1_score       : 0.79	
2024-11-08 15:17:58,668 - trainer - INFO -     validation     : val_loss       : 0.53	val_accuracy   : 0.75	val_precision  : 0.73	val_recall     : 0.70	val_roc_auc    : 0.83	val_pr_auc     : 0.80	val_f1_score   : 0.72	
2024-11-08 15:17:58,693 - trainer - INFO - Saving current best: model_best.pth ...
2024-11-08 15:18:13,330 - trainer - INFO - epoch: 49
2024-11-08 15:18:13,331 - trainer - INFO -     train          : loss           : 0.41	accuracy       : 0.82	precision      : 0.80	recall         : 0.78	roc_auc        : 0.90	pr_auc         : 0.88	f1_score       : 0.79	
2024-11-08 15:18:13,331 - trainer - INFO -     validation     : val_loss       : 0.53	val_accuracy   : 0.76	val_precision  : 0.74	val_recall     : 0.71	val_roc_auc    : 0.83	val_pr_auc     : 0.80	val_f1_score   : 0.72	
2024-11-08 15:18:27,810 - trainer - INFO - epoch: 50
2024-11-08 15:18:27,812 - trainer - INFO -     train          : loss           : 0.41	accuracy       : 0.82	precision      : 0.80	recall         : 0.78	roc_auc        : 0.90	pr_auc         : 0.88	f1_score       : 0.79	
2024-11-08 15:18:27,812 - trainer - INFO -     validation     : val_loss       : 0.52	val_accuracy   : 0.76	val_precision  : 0.75	val_recall     : 0.70	val_roc_auc    : 0.83	val_pr_auc     : 0.80	val_f1_score   : 0.72	
2024-11-08 15:18:27,812 - test - INFO - GraphSynergy(
  (protein_embedding): Embedding(15970, 64)
  (cell_embedding): Embedding(76, 64)
  (drug_embedding): Embedding(764, 64)
  (aggregation_function): Linear(in_features=128, out_features=64, bias=True)
  (combine_function): Linear(in_features=128, out_features=64, bias=False)
)
Trainable parameters: 1092288
2024-11-08 15:18:27,813 - test - INFO - Loading checkpoint: saved/models/DrugCombDB/1108_150539/model_best.pth ...
2024-11-08 15:18:30,462 - test - INFO - {'loss': 0.5369089126957595, 'accuracy': 0.7442807433182794, 'precision': 0.7184563154753091, 'recall': 0.6998771904151551, 'roc_auc': 0.8197270107629377, 'pr_auc': 0.7916507846625823, 'f1_score': 0.7086433336649515}
