2024-11-05 10:53:00,914 - train - INFO - GraphSynergy(
  (protein_embedding): Embedding(15970, 64)
  (cell_embedding): Embedding(76, 64)
  (drug_embedding): Embedding(764, 64)
  (aggregation_function): Linear(in_features=128, out_features=64, bias=True)
  (combine_function): Linear(in_features=128, out_features=64, bias=False)
)
Trainable parameters: 1092288
2024-11-05 10:53:01,497 - trainer - WARNING - Warning: There's no GPU available on this machine,training will be performed on CPU.
2024-11-05 10:53:26,737 - trainer - INFO - epoch: 1
2024-11-05 10:53:26,738 - trainer - INFO -     train          : loss           : 0.78	accuracy       : 0.61	precision      : 0.58	recall         : 0.52	roc_auc        : 0.64	pr_auc         : 0.60	f1_score       : 0.55	
2024-11-05 10:53:26,738 - trainer - INFO -     validation     : val_loss       : 0.63	val_accuracy   : 0.68	val_precision  : 0.68	val_recall     : 0.56	val_roc_auc    : 0.73	val_pr_auc     : 0.69	val_f1_score   : 0.61	
2024-11-05 10:53:26,755 - trainer - INFO - Saving current best: model_best.pth ...
2024-11-05 10:53:47,150 - trainer - INFO - epoch: 2
2024-11-05 10:53:47,150 - trainer - INFO -     train          : loss           : 0.59	accuracy       : 0.71	precision      : 0.70	recall         : 0.62	roc_auc        : 0.78	pr_auc         : 0.74	f1_score       : 0.66	
2024-11-05 10:53:47,150 - trainer - INFO -     validation     : val_loss       : 0.59	val_accuracy   : 0.71	val_precision  : 0.71	val_recall     : 0.62	val_roc_auc    : 0.78	val_pr_auc     : 0.75	val_f1_score   : 0.66	
2024-11-05 10:53:47,194 - trainer - INFO - Saving current best: model_best.pth ...
2024-11-05 10:54:16,993 - trainer - INFO - epoch: 3
2024-11-05 10:54:16,994 - trainer - INFO -     train          : loss           : 0.55	accuracy       : 0.74	precision      : 0.73	recall         : 0.67	roc_auc        : 0.81	pr_auc         : 0.78	f1_score       : 0.70	
2024-11-05 10:54:16,994 - trainer - INFO -     validation     : val_loss       : 0.57	val_accuracy   : 0.72	val_precision  : 0.71	val_recall     : 0.67	val_roc_auc    : 0.79	val_pr_auc     : 0.77	val_f1_score   : 0.69	
2024-11-05 10:54:17,044 - trainer - INFO - Saving current best: model_best.pth ...
2024-11-05 10:54:36,680 - trainer - INFO - epoch: 4
2024-11-05 10:54:36,680 - trainer - INFO -     train          : loss           : 0.53	accuracy       : 0.75	precision      : 0.74	recall         : 0.70	roc_auc        : 0.83	pr_auc         : 0.80	f1_score       : 0.72	
2024-11-05 10:54:36,680 - trainer - INFO -     validation     : val_loss       : 0.55	val_accuracy   : 0.73	val_precision  : 0.72	val_recall     : 0.68	val_roc_auc    : 0.80	val_pr_auc     : 0.78	val_f1_score   : 0.70	
2024-11-05 10:54:36,732 - trainer - INFO - Saving current best: model_best.pth ...
2024-11-05 10:55:04,099 - trainer - INFO - epoch: 5
2024-11-05 10:55:04,099 - trainer - INFO -     train          : loss           : 0.51	accuracy       : 0.76	precision      : 0.75	recall         : 0.71	roc_auc        : 0.84	pr_auc         : 0.82	f1_score       : 0.73	
2024-11-05 10:55:04,099 - trainer - INFO -     validation     : val_loss       : 0.55	val_accuracy   : 0.73	val_precision  : 0.71	val_recall     : 0.67	val_roc_auc    : 0.80	val_pr_auc     : 0.79	val_f1_score   : 0.69	
2024-11-05 10:55:04,150 - trainer - INFO - Saving current best: model_best.pth ...
2024-11-05 10:55:23,497 - trainer - INFO - epoch: 6
2024-11-05 10:55:23,497 - trainer - INFO -     train          : loss           : 0.50	accuracy       : 0.76	precision      : 0.75	recall         : 0.72	roc_auc        : 0.84	pr_auc         : 0.82	f1_score       : 0.74	
2024-11-05 10:55:23,497 - trainer - INFO -     validation     : val_loss       : 0.55	val_accuracy   : 0.73	val_precision  : 0.71	val_recall     : 0.70	val_roc_auc    : 0.81	val_pr_auc     : 0.79	val_f1_score   : 0.70	
2024-11-05 10:55:23,549 - trainer - INFO - Saving current best: model_best.pth ...
2024-11-05 10:55:52,958 - trainer - INFO - epoch: 7
2024-11-05 10:55:52,959 - trainer - INFO -     train          : loss           : 0.49	accuracy       : 0.77	precision      : 0.76	recall         : 0.73	roc_auc        : 0.85	pr_auc         : 0.83	f1_score       : 0.74	
2024-11-05 10:55:52,959 - trainer - INFO -     validation     : val_loss       : 0.54	val_accuracy   : 0.74	val_precision  : 0.71	val_recall     : 0.71	val_roc_auc    : 0.81	val_pr_auc     : 0.79	val_f1_score   : 0.71	
2024-11-05 10:55:53,010 - trainer - INFO - Saving current best: model_best.pth ...
2024-11-05 10:56:40,378 - trainer - INFO - epoch: 8
2024-11-05 10:56:40,378 - trainer - INFO -     train          : loss           : 0.48	accuracy       : 0.78	precision      : 0.76	recall         : 0.73	roc_auc        : 0.86	pr_auc         : 0.84	f1_score       : 0.75	
2024-11-05 10:56:40,378 - trainer - INFO -     validation     : val_loss       : 0.54	val_accuracy   : 0.74	val_precision  : 0.72	val_recall     : 0.71	val_roc_auc    : 0.81	val_pr_auc     : 0.79	val_f1_score   : 0.71	
2024-11-05 10:56:40,422 - trainer - INFO - Saving current best: model_best.pth ...
2024-11-05 10:56:59,667 - trainer - INFO - epoch: 9
2024-11-05 10:56:59,668 - trainer - INFO -     train          : loss           : 0.48	accuracy       : 0.78	precision      : 0.76	recall         : 0.74	roc_auc        : 0.86	pr_auc         : 0.84	f1_score       : 0.75	
2024-11-05 10:56:59,668 - trainer - INFO -     validation     : val_loss       : 0.54	val_accuracy   : 0.75	val_precision  : 0.73	val_recall     : 0.70	val_roc_auc    : 0.82	val_pr_auc     : 0.80	val_f1_score   : 0.72	
2024-11-05 10:56:59,718 - trainer - INFO - Saving current best: model_best.pth ...
2024-11-05 10:57:36,945 - trainer - INFO - epoch: 10
2024-11-05 10:57:36,945 - trainer - INFO -     train          : loss           : 0.47	accuracy       : 0.78	precision      : 0.77	recall         : 0.75	roc_auc        : 0.86	pr_auc         : 0.84	f1_score       : 0.76	
2024-11-05 10:57:36,945 - trainer - INFO -     validation     : val_loss       : 0.54	val_accuracy   : 0.74	val_precision  : 0.73	val_recall     : 0.70	val_roc_auc    : 0.82	val_pr_auc     : 0.79	val_f1_score   : 0.71	
2024-11-05 10:57:36,997 - trainer - INFO - Saving current best: model_best.pth ...
2024-11-05 10:57:55,171 - trainer - INFO - epoch: 11
2024-11-05 10:57:55,172 - trainer - INFO -     train          : loss           : 0.47	accuracy       : 0.78	precision      : 0.77	recall         : 0.75	roc_auc        : 0.86	pr_auc         : 0.85	f1_score       : 0.76	
2024-11-05 10:57:55,172 - trainer - INFO -     validation     : val_loss       : 0.53	val_accuracy   : 0.75	val_precision  : 0.73	val_recall     : 0.70	val_roc_auc    : 0.82	val_pr_auc     : 0.80	val_f1_score   : 0.72	
2024-11-05 10:57:55,224 - trainer - INFO - Saving current best: model_best.pth ...
2024-11-05 10:58:13,187 - trainer - INFO - epoch: 12
2024-11-05 10:58:13,187 - trainer - INFO -     train          : loss           : 0.46	accuracy       : 0.79	precision      : 0.77	recall         : 0.75	roc_auc        : 0.87	pr_auc         : 0.85	f1_score       : 0.76	
2024-11-05 10:58:13,187 - trainer - INFO -     validation     : val_loss       : 0.53	val_accuracy   : 0.74	val_precision  : 0.72	val_recall     : 0.72	val_roc_auc    : 0.82	val_pr_auc     : 0.80	val_f1_score   : 0.72	
2024-11-05 10:58:13,251 - trainer - INFO - Saving current best: model_best.pth ...
2024-11-05 10:58:33,402 - trainer - INFO - epoch: 13
2024-11-05 10:58:33,402 - trainer - INFO -     train          : loss           : 0.46	accuracy       : 0.79	precision      : 0.77	recall         : 0.75	roc_auc        : 0.87	pr_auc         : 0.85	f1_score       : 0.76	
2024-11-05 10:58:33,402 - trainer - INFO -     validation     : val_loss       : 0.53	val_accuracy   : 0.75	val_precision  : 0.73	val_recall     : 0.71	val_roc_auc    : 0.82	val_pr_auc     : 0.80	val_f1_score   : 0.72	
2024-11-05 10:58:33,444 - trainer - INFO - Saving current best: model_best.pth ...
2024-11-05 10:58:56,794 - trainer - INFO - epoch: 14
2024-11-05 10:58:56,794 - trainer - INFO -     train          : loss           : 0.45	accuracy       : 0.79	precision      : 0.78	recall         : 0.76	roc_auc        : 0.87	pr_auc         : 0.85	f1_score       : 0.76	
2024-11-05 10:58:56,794 - trainer - INFO -     validation     : val_loss       : 0.53	val_accuracy   : 0.75	val_precision  : 0.74	val_recall     : 0.71	val_roc_auc    : 0.82	val_pr_auc     : 0.80	val_f1_score   : 0.73	
2024-11-05 10:58:56,845 - trainer - INFO - Saving current best: model_best.pth ...
