2024-11-08 13:48:45,551 - train - INFO - GraphSynergy(
  (protein_embedding): Embedding(15970, 64)
  (cell_embedding): Embedding(76, 64)
  (drug_embedding): Embedding(764, 64)
  (aggregation_function): Linear(in_features=128, out_features=64, bias=True)
  (combine_function): Linear(in_features=128, out_features=64, bias=False)
)
Trainable parameters: 1092288
2024-11-08 13:48:46,081 - trainer - WARNING - Warning: There's no GPU available on this machine,training will be performed on CPU.
2024-11-08 13:49:00,456 - trainer - INFO - epoch: 1
2024-11-08 13:49:00,456 - trainer - INFO -     train          : loss           : 0.81	accuracy       : 0.60	precision      : 0.55	recall         : 0.47	roc_auc        : 0.62	pr_auc         : 0.55	f1_score       : 0.51	
2024-11-08 13:49:00,456 - trainer - INFO -     validation     : val_loss       : 0.65	val_accuracy   : 0.66	val_precision  : 0.64	val_recall     : 0.52	val_roc_auc    : 0.71	val_pr_auc     : 0.64	val_f1_score   : 0.57	
2024-11-08 13:49:00,492 - trainer - INFO - Saving current best: model_best.pth ...
2024-11-08 13:49:14,274 - trainer - INFO - epoch: 2
2024-11-08 13:49:14,274 - trainer - INFO -     train          : loss           : 0.60	accuracy       : 0.69	precision      : 0.68	recall         : 0.57	roc_auc        : 0.76	pr_auc         : 0.70	f1_score       : 0.62	
2024-11-08 13:49:14,274 - trainer - INFO -     validation     : val_loss       : 0.61	val_accuracy   : 0.69	val_precision  : 0.68	val_recall     : 0.58	val_roc_auc    : 0.76	val_pr_auc     : 0.70	val_f1_score   : 0.62	
2024-11-08 13:49:14,299 - trainer - INFO - Saving current best: model_best.pth ...
2024-11-08 13:49:28,283 - trainer - INFO - epoch: 3
2024-11-08 13:49:28,283 - trainer - INFO -     train          : loss           : 0.57	accuracy       : 0.72	precision      : 0.70	recall         : 0.63	roc_auc        : 0.79	pr_auc         : 0.75	f1_score       : 0.66	
2024-11-08 13:49:28,284 - trainer - INFO -     validation     : val_loss       : 0.58	val_accuracy   : 0.71	val_precision  : 0.69	val_recall     : 0.63	val_roc_auc    : 0.78	val_pr_auc     : 0.73	val_f1_score   : 0.66	
2024-11-08 13:49:28,302 - trainer - INFO - Saving current best: model_best.pth ...
2024-11-08 13:49:41,921 - trainer - INFO - epoch: 4
2024-11-08 13:49:41,922 - trainer - INFO -     train          : loss           : 0.54	accuracy       : 0.74	precision      : 0.72	recall         : 0.66	roc_auc        : 0.81	pr_auc         : 0.77	f1_score       : 0.69	
2024-11-08 13:49:41,923 - trainer - INFO -     validation     : val_loss       : 0.57	val_accuracy   : 0.72	val_precision  : 0.69	val_recall     : 0.67	val_roc_auc    : 0.79	val_pr_auc     : 0.74	val_f1_score   : 0.68	
2024-11-08 13:49:41,944 - trainer - INFO - Saving current best: model_best.pth ...
2024-11-08 13:49:56,094 - trainer - INFO - epoch: 5
2024-11-08 13:49:56,095 - trainer - INFO -     train          : loss           : 0.53	accuracy       : 0.75	precision      : 0.73	recall         : 0.68	roc_auc        : 0.82	pr_auc         : 0.79	f1_score       : 0.70	
2024-11-08 13:49:56,095 - trainer - INFO -     validation     : val_loss       : 0.56	val_accuracy   : 0.73	val_precision  : 0.72	val_recall     : 0.63	val_roc_auc    : 0.80	val_pr_auc     : 0.76	val_f1_score   : 0.67	
2024-11-08 13:49:56,121 - trainer - INFO - Saving current best: model_best.pth ...
2024-11-08 13:50:10,185 - trainer - INFO - epoch: 6
2024-11-08 13:50:10,185 - trainer - INFO -     train          : loss           : 0.51	accuracy       : 0.76	precision      : 0.74	recall         : 0.69	roc_auc        : 0.83	pr_auc         : 0.80	f1_score       : 0.71	
2024-11-08 13:50:10,185 - trainer - INFO -     validation     : val_loss       : 0.56	val_accuracy   : 0.72	val_precision  : 0.71	val_recall     : 0.64	val_roc_auc    : 0.80	val_pr_auc     : 0.76	val_f1_score   : 0.67	
2024-11-08 13:50:10,203 - trainer - INFO - Saving current best: model_best.pth ...
2024-11-08 13:50:25,106 - trainer - INFO - epoch: 7
2024-11-08 13:50:25,106 - trainer - INFO -     train          : loss           : 0.50	accuracy       : 0.76	precision      : 0.74	recall         : 0.70	roc_auc        : 0.84	pr_auc         : 0.81	f1_score       : 0.72	
2024-11-08 13:50:25,106 - trainer - INFO -     validation     : val_loss       : 0.57	val_accuracy   : 0.72	val_precision  : 0.70	val_recall     : 0.66	val_roc_auc    : 0.79	val_pr_auc     : 0.75	val_f1_score   : 0.68	
2024-11-08 13:50:25,128 - trainer - INFO - Saving current best: model_best.pth ...
2024-11-08 13:50:40,041 - trainer - INFO - epoch: 8
2024-11-08 13:50:40,042 - trainer - INFO -     train          : loss           : 0.50	accuracy       : 0.77	precision      : 0.75	recall         : 0.71	roc_auc        : 0.84	pr_auc         : 0.81	f1_score       : 0.73	
2024-11-08 13:50:40,042 - trainer - INFO -     validation     : val_loss       : 0.56	val_accuracy   : 0.73	val_precision  : 0.71	val_recall     : 0.67	val_roc_auc    : 0.80	val_pr_auc     : 0.76	val_f1_score   : 0.69	
2024-11-08 13:50:40,078 - trainer - INFO - Saving current best: model_best.pth ...
2024-11-08 13:50:54,648 - trainer - INFO - epoch: 9
2024-11-08 13:50:54,648 - trainer - INFO -     train          : loss           : 0.49	accuracy       : 0.77	precision      : 0.75	recall         : 0.71	roc_auc        : 0.85	pr_auc         : 0.82	f1_score       : 0.73	
2024-11-08 13:50:54,649 - trainer - INFO -     validation     : val_loss       : 0.56	val_accuracy   : 0.73	val_precision  : 0.71	val_recall     : 0.67	val_roc_auc    : 0.80	val_pr_auc     : 0.76	val_f1_score   : 0.69	
2024-11-08 13:50:54,674 - trainer - INFO - Saving current best: model_best.pth ...
2024-11-08 13:51:09,556 - trainer - INFO - epoch: 10
2024-11-08 13:51:09,558 - trainer - INFO -     train          : loss           : 0.49	accuracy       : 0.77	precision      : 0.75	recall         : 0.72	roc_auc        : 0.85	pr_auc         : 0.82	f1_score       : 0.74	
2024-11-08 13:51:09,558 - trainer - INFO -     validation     : val_loss       : 0.55	val_accuracy   : 0.73	val_precision  : 0.70	val_recall     : 0.67	val_roc_auc    : 0.80	val_pr_auc     : 0.76	val_f1_score   : 0.69	
2024-11-08 13:51:09,582 - trainer - INFO - Saving current best: model_best.pth ...
2024-11-08 13:51:23,998 - trainer - INFO - epoch: 11
2024-11-08 13:51:23,998 - trainer - INFO -     train          : loss           : 0.48	accuracy       : 0.78	precision      : 0.75	recall         : 0.72	roc_auc        : 0.85	pr_auc         : 0.83	f1_score       : 0.74	
2024-11-08 13:51:23,998 - trainer - INFO -     validation     : val_loss       : 0.56	val_accuracy   : 0.73	val_precision  : 0.70	val_recall     : 0.66	val_roc_auc    : 0.80	val_pr_auc     : 0.77	val_f1_score   : 0.68	
2024-11-08 13:51:24,022 - trainer - INFO - Saving current best: model_best.pth ...
2024-11-08 13:51:38,320 - trainer - INFO - epoch: 12
2024-11-08 13:51:38,322 - trainer - INFO -     train          : loss           : 0.48	accuracy       : 0.78	precision      : 0.76	recall         : 0.72	roc_auc        : 0.86	pr_auc         : 0.83	f1_score       : 0.74	
2024-11-08 13:51:38,322 - trainer - INFO -     validation     : val_loss       : 0.56	val_accuracy   : 0.73	val_precision  : 0.70	val_recall     : 0.67	val_roc_auc    : 0.80	val_pr_auc     : 0.76	val_f1_score   : 0.68	
2024-11-08 13:51:38,344 - trainer - INFO - Saving current best: model_best.pth ...
2024-11-08 13:51:52,861 - trainer - INFO - epoch: 13
2024-11-08 13:51:52,862 - trainer - INFO -     train          : loss           : 0.48	accuracy       : 0.78	precision      : 0.76	recall         : 0.73	roc_auc        : 0.86	pr_auc         : 0.83	f1_score       : 0.74	
2024-11-08 13:51:52,862 - trainer - INFO -     validation     : val_loss       : 0.55	val_accuracy   : 0.73	val_precision  : 0.71	val_recall     : 0.66	val_roc_auc    : 0.81	val_pr_auc     : 0.77	val_f1_score   : 0.68	
2024-11-08 13:51:52,889 - trainer - INFO - Saving current best: model_best.pth ...
2024-11-08 13:52:07,814 - trainer - INFO - epoch: 14
2024-11-08 13:52:07,816 - trainer - INFO -     train          : loss           : 0.47	accuracy       : 0.78	precision      : 0.76	recall         : 0.73	roc_auc        : 0.86	pr_auc         : 0.83	f1_score       : 0.74	
2024-11-08 13:52:07,816 - trainer - INFO -     validation     : val_loss       : 0.55	val_accuracy   : 0.73	val_precision  : 0.70	val_recall     : 0.68	val_roc_auc    : 0.81	val_pr_auc     : 0.77	val_f1_score   : 0.69	
2024-11-08 13:52:07,835 - trainer - INFO - Saving current best: model_best.pth ...
2024-11-08 13:52:22,663 - trainer - INFO - epoch: 15
2024-11-08 13:52:22,664 - trainer - INFO -     train          : loss           : 0.47	accuracy       : 0.78	precision      : 0.76	recall         : 0.73	roc_auc        : 0.86	pr_auc         : 0.83	f1_score       : 0.75	
2024-11-08 13:52:22,664 - trainer - INFO -     validation     : val_loss       : 0.55	val_accuracy   : 0.73	val_precision  : 0.71	val_recall     : 0.67	val_roc_auc    : 0.81	val_pr_auc     : 0.77	val_f1_score   : 0.69	
2024-11-08 13:52:22,682 - trainer - INFO - Saving current best: model_best.pth ...
2024-11-08 13:52:37,272 - trainer - INFO - epoch: 16
2024-11-08 13:52:37,273 - trainer - INFO -     train          : loss           : 0.46	accuracy       : 0.78	precision      : 0.76	recall         : 0.73	roc_auc        : 0.86	pr_auc         : 0.84	f1_score       : 0.75	
2024-11-08 13:52:37,273 - trainer - INFO -     validation     : val_loss       : 0.55	val_accuracy   : 0.73	val_precision  : 0.70	val_recall     : 0.70	val_roc_auc    : 0.81	val_pr_auc     : 0.77	val_f1_score   : 0.70	
2024-11-08 13:52:37,296 - trainer - INFO - Saving current best: model_best.pth ...
2024-11-08 13:52:52,477 - trainer - INFO - epoch: 17
2024-11-08 13:52:52,478 - trainer - INFO -     train          : loss           : 0.46	accuracy       : 0.79	precision      : 0.76	recall         : 0.74	roc_auc        : 0.87	pr_auc         : 0.84	f1_score       : 0.75	
2024-11-08 13:52:52,478 - trainer - INFO -     validation     : val_loss       : 0.55	val_accuracy   : 0.73	val_precision  : 0.70	val_recall     : 0.67	val_roc_auc    : 0.81	val_pr_auc     : 0.77	val_f1_score   : 0.69	
2024-11-08 13:52:52,502 - trainer - INFO - Saving current best: model_best.pth ...
2024-11-08 13:53:07,171 - trainer - INFO - epoch: 18
2024-11-08 13:53:07,172 - trainer - INFO -     train          : loss           : 0.46	accuracy       : 0.79	precision      : 0.77	recall         : 0.74	roc_auc        : 0.87	pr_auc         : 0.84	f1_score       : 0.75	
2024-11-08 13:53:07,172 - trainer - INFO -     validation     : val_loss       : 0.55	val_accuracy   : 0.73	val_precision  : 0.71	val_recall     : 0.68	val_roc_auc    : 0.81	val_pr_auc     : 0.77	val_f1_score   : 0.69	
2024-11-08 13:53:07,197 - trainer - INFO - Saving current best: model_best.pth ...
2024-11-08 13:53:21,613 - trainer - INFO - epoch: 19
2024-11-08 13:53:21,614 - trainer - INFO -     train          : loss           : 0.46	accuracy       : 0.79	precision      : 0.77	recall         : 0.74	roc_auc        : 0.87	pr_auc         : 0.84	f1_score       : 0.75	
2024-11-08 13:53:21,614 - trainer - INFO -     validation     : val_loss       : 0.55	val_accuracy   : 0.73	val_precision  : 0.71	val_recall     : 0.67	val_roc_auc    : 0.81	val_pr_auc     : 0.77	val_f1_score   : 0.69	
2024-11-08 13:53:21,637 - trainer - INFO - Saving current best: model_best.pth ...
2024-11-08 13:53:36,071 - trainer - INFO - epoch: 20
2024-11-08 13:53:36,073 - trainer - INFO -     train          : loss           : 0.45	accuracy       : 0.79	precision      : 0.77	recall         : 0.74	roc_auc        : 0.87	pr_auc         : 0.84	f1_score       : 0.75	
2024-11-08 13:53:36,073 - trainer - INFO -     validation     : val_loss       : 0.55	val_accuracy   : 0.73	val_precision  : 0.71	val_recall     : 0.68	val_roc_auc    : 0.81	val_pr_auc     : 0.77	val_f1_score   : 0.69	
2024-11-08 13:53:36,098 - trainer - INFO - Saving current best: model_best.pth ...
2024-11-08 13:53:50,983 - trainer - INFO - epoch: 21
2024-11-08 13:53:50,984 - trainer - INFO -     train          : loss           : 0.42	accuracy       : 0.81	precision      : 0.79	recall         : 0.76	roc_auc        : 0.89	pr_auc         : 0.87	f1_score       : 0.78	
2024-11-08 13:53:50,984 - trainer - INFO -     validation     : val_loss       : 0.54	val_accuracy   : 0.74	val_precision  : 0.71	val_recall     : 0.68	val_roc_auc    : 0.81	val_pr_auc     : 0.78	val_f1_score   : 0.69	
2024-11-08 13:53:51,004 - trainer - INFO - Saving current best: model_best.pth ...
2024-11-08 13:54:05,704 - trainer - INFO - epoch: 22
2024-11-08 13:54:05,705 - trainer - INFO -     train          : loss           : 0.42	accuracy       : 0.81	precision      : 0.80	recall         : 0.76	roc_auc        : 0.89	pr_auc         : 0.87	f1_score       : 0.78	
2024-11-08 13:54:05,705 - trainer - INFO -     validation     : val_loss       : 0.54	val_accuracy   : 0.74	val_precision  : 0.71	val_recall     : 0.69	val_roc_auc    : 0.81	val_pr_auc     : 0.78	val_f1_score   : 0.70	
2024-11-08 13:54:05,724 - trainer - INFO - Saving current best: model_best.pth ...
2024-11-08 13:54:20,163 - trainer - INFO - epoch: 23
2024-11-08 13:54:20,163 - trainer - INFO -     train          : loss           : 0.42	accuracy       : 0.81	precision      : 0.80	recall         : 0.77	roc_auc        : 0.89	pr_auc         : 0.87	f1_score       : 0.78	
2024-11-08 13:54:20,163 - trainer - INFO -     validation     : val_loss       : 0.54	val_accuracy   : 0.74	val_precision  : 0.71	val_recall     : 0.69	val_roc_auc    : 0.81	val_pr_auc     : 0.78	val_f1_score   : 0.70	
2024-11-08 13:54:20,182 - trainer - INFO - Saving current best: model_best.pth ...
2024-11-08 13:54:34,440 - trainer - INFO - epoch: 24
2024-11-08 13:54:34,441 - trainer - INFO -     train          : loss           : 0.42	accuracy       : 0.81	precision      : 0.80	recall         : 0.77	roc_auc        : 0.89	pr_auc         : 0.87	f1_score       : 0.78	
2024-11-08 13:54:34,441 - trainer - INFO -     validation     : val_loss       : 0.54	val_accuracy   : 0.74	val_precision  : 0.71	val_recall     : 0.69	val_roc_auc    : 0.82	val_pr_auc     : 0.78	val_f1_score   : 0.70	
2024-11-08 13:54:34,466 - trainer - INFO - Saving current best: model_best.pth ...
2024-11-08 13:54:49,037 - trainer - INFO - epoch: 25
2024-11-08 13:54:49,038 - trainer - INFO -     train          : loss           : 0.41	accuracy       : 0.81	precision      : 0.80	recall         : 0.77	roc_auc        : 0.89	pr_auc         : 0.87	f1_score       : 0.78	
2024-11-08 13:54:49,038 - trainer - INFO -     validation     : val_loss       : 0.54	val_accuracy   : 0.74	val_precision  : 0.71	val_recall     : 0.69	val_roc_auc    : 0.82	val_pr_auc     : 0.78	val_f1_score   : 0.70	
2024-11-08 13:54:49,070 - trainer - INFO - Saving current best: model_best.pth ...
2024-11-08 13:55:03,854 - trainer - INFO - epoch: 26
2024-11-08 13:55:03,855 - trainer - INFO -     train          : loss           : 0.41	accuracy       : 0.81	precision      : 0.80	recall         : 0.77	roc_auc        : 0.89	pr_auc         : 0.87	f1_score       : 0.78	
2024-11-08 13:55:03,855 - trainer - INFO -     validation     : val_loss       : 0.54	val_accuracy   : 0.74	val_precision  : 0.71	val_recall     : 0.69	val_roc_auc    : 0.82	val_pr_auc     : 0.78	val_f1_score   : 0.70	
2024-11-08 13:55:19,199 - trainer - INFO - epoch: 27
2024-11-08 13:55:19,200 - trainer - INFO -     train          : loss           : 0.41	accuracy       : 0.81	precision      : 0.80	recall         : 0.77	roc_auc        : 0.89	pr_auc         : 0.87	f1_score       : 0.78	
2024-11-08 13:55:19,201 - trainer - INFO -     validation     : val_loss       : 0.54	val_accuracy   : 0.74	val_precision  : 0.71	val_recall     : 0.69	val_roc_auc    : 0.82	val_pr_auc     : 0.78	val_f1_score   : 0.70	
2024-11-08 13:55:19,237 - trainer - INFO - Saving current best: model_best.pth ...
2024-11-08 13:55:34,306 - trainer - INFO - epoch: 28
2024-11-08 13:55:34,307 - trainer - INFO -     train          : loss           : 0.41	accuracy       : 0.81	precision      : 0.80	recall         : 0.77	roc_auc        : 0.89	pr_auc         : 0.88	f1_score       : 0.78	
2024-11-08 13:55:34,307 - trainer - INFO -     validation     : val_loss       : 0.54	val_accuracy   : 0.74	val_precision  : 0.71	val_recall     : 0.69	val_roc_auc    : 0.82	val_pr_auc     : 0.78	val_f1_score   : 0.70	
2024-11-08 13:55:34,332 - trainer - INFO - Saving current best: model_best.pth ...
2024-11-08 13:55:49,633 - trainer - INFO - epoch: 29
2024-11-08 13:55:49,634 - trainer - INFO -     train          : loss           : 0.41	accuracy       : 0.81	precision      : 0.80	recall         : 0.77	roc_auc        : 0.89	pr_auc         : 0.88	f1_score       : 0.78	
2024-11-08 13:55:49,634 - trainer - INFO -     validation     : val_loss       : 0.54	val_accuracy   : 0.74	val_precision  : 0.71	val_recall     : 0.69	val_roc_auc    : 0.82	val_pr_auc     : 0.78	val_f1_score   : 0.70	
2024-11-08 13:55:49,666 - trainer - INFO - Saving current best: model_best.pth ...
2024-11-08 13:56:04,993 - trainer - INFO - epoch: 30
2024-11-08 13:56:04,994 - trainer - INFO -     train          : loss           : 0.41	accuracy       : 0.81	precision      : 0.80	recall         : 0.77	roc_auc        : 0.90	pr_auc         : 0.88	f1_score       : 0.78	
2024-11-08 13:56:04,994 - trainer - INFO -     validation     : val_loss       : 0.54	val_accuracy   : 0.74	val_precision  : 0.71	val_recall     : 0.69	val_roc_auc    : 0.82	val_pr_auc     : 0.78	val_f1_score   : 0.70	
2024-11-08 13:56:05,017 - trainer - INFO - Saving current best: model_best.pth ...
2024-11-08 13:56:20,495 - trainer - INFO - epoch: 31
2024-11-08 13:56:20,497 - trainer - INFO -     train          : loss           : 0.41	accuracy       : 0.81	precision      : 0.80	recall         : 0.77	roc_auc        : 0.90	pr_auc         : 0.88	f1_score       : 0.78	
2024-11-08 13:56:20,497 - trainer - INFO -     validation     : val_loss       : 0.54	val_accuracy   : 0.74	val_precision  : 0.71	val_recall     : 0.70	val_roc_auc    : 0.82	val_pr_auc     : 0.78	val_f1_score   : 0.70	
2024-11-08 13:56:35,288 - trainer - INFO - epoch: 32
2024-11-08 13:56:35,289 - trainer - INFO -     train          : loss           : 0.41	accuracy       : 0.81	precision      : 0.80	recall         : 0.77	roc_auc        : 0.90	pr_auc         : 0.88	f1_score       : 0.78	
2024-11-08 13:56:35,289 - trainer - INFO -     validation     : val_loss       : 0.54	val_accuracy   : 0.74	val_precision  : 0.71	val_recall     : 0.69	val_roc_auc    : 0.82	val_pr_auc     : 0.78	val_f1_score   : 0.70	
2024-11-08 13:56:49,547 - trainer - INFO - epoch: 33
2024-11-08 13:56:49,548 - trainer - INFO -     train          : loss           : 0.41	accuracy       : 0.81	precision      : 0.80	recall         : 0.77	roc_auc        : 0.90	pr_auc         : 0.88	f1_score       : 0.78	
2024-11-08 13:56:49,548 - trainer - INFO -     validation     : val_loss       : 0.54	val_accuracy   : 0.74	val_precision  : 0.71	val_recall     : 0.70	val_roc_auc    : 0.82	val_pr_auc     : 0.78	val_f1_score   : 0.70	
2024-11-08 13:56:49,579 - trainer - INFO - Saving current best: model_best.pth ...
2024-11-08 13:57:04,162 - trainer - INFO - epoch: 34
2024-11-08 13:57:04,163 - trainer - INFO -     train          : loss           : 0.41	accuracy       : 0.81	precision      : 0.80	recall         : 0.77	roc_auc        : 0.90	pr_auc         : 0.88	f1_score       : 0.78	
2024-11-08 13:57:04,164 - trainer - INFO -     validation     : val_loss       : 0.54	val_accuracy   : 0.74	val_precision  : 0.71	val_recall     : 0.69	val_roc_auc    : 0.81	val_pr_auc     : 0.78	val_f1_score   : 0.70	
2024-11-08 13:57:04,193 - trainer - INFO - Saving current best: model_best.pth ...
2024-11-08 13:57:18,902 - trainer - INFO - epoch: 35
2024-11-08 13:57:18,903 - trainer - INFO -     train          : loss           : 0.41	accuracy       : 0.81	precision      : 0.80	recall         : 0.77	roc_auc        : 0.90	pr_auc         : 0.88	f1_score       : 0.78	
2024-11-08 13:57:18,903 - trainer - INFO -     validation     : val_loss       : 0.54	val_accuracy   : 0.74	val_precision  : 0.71	val_recall     : 0.70	val_roc_auc    : 0.82	val_pr_auc     : 0.78	val_f1_score   : 0.70	
2024-11-08 13:57:18,926 - trainer - INFO - Saving current best: model_best.pth ...
2024-11-08 13:57:34,128 - trainer - INFO - epoch: 36
2024-11-08 13:57:34,129 - trainer - INFO -     train          : loss           : 0.41	accuracy       : 0.82	precision      : 0.80	recall         : 0.77	roc_auc        : 0.90	pr_auc         : 0.88	f1_score       : 0.79	
2024-11-08 13:57:34,130 - trainer - INFO -     validation     : val_loss       : 0.54	val_accuracy   : 0.74	val_precision  : 0.71	val_recall     : 0.70	val_roc_auc    : 0.82	val_pr_auc     : 0.78	val_f1_score   : 0.70	
2024-11-08 13:57:34,155 - trainer - INFO - Saving current best: model_best.pth ...
2024-11-08 13:57:48,558 - trainer - INFO - epoch: 37
2024-11-08 13:57:48,559 - trainer - INFO -     train          : loss           : 0.41	accuracy       : 0.82	precision      : 0.80	recall         : 0.77	roc_auc        : 0.90	pr_auc         : 0.88	f1_score       : 0.79	
2024-11-08 13:57:48,560 - trainer - INFO -     validation     : val_loss       : 0.55	val_accuracy   : 0.74	val_precision  : 0.71	val_recall     : 0.69	val_roc_auc    : 0.82	val_pr_auc     : 0.78	val_f1_score   : 0.70	
2024-11-08 13:57:48,578 - trainer - INFO - Saving current best: model_best.pth ...
2024-11-08 13:58:03,062 - trainer - INFO - epoch: 38
2024-11-08 13:58:03,063 - trainer - INFO -     train          : loss           : 0.41	accuracy       : 0.82	precision      : 0.80	recall         : 0.77	roc_auc        : 0.90	pr_auc         : 0.88	f1_score       : 0.79	
2024-11-08 13:58:03,063 - trainer - INFO -     validation     : val_loss       : 0.55	val_accuracy   : 0.74	val_precision  : 0.71	val_recall     : 0.70	val_roc_auc    : 0.82	val_pr_auc     : 0.78	val_f1_score   : 0.70	
2024-11-08 13:58:03,084 - trainer - INFO - Saving current best: model_best.pth ...
2024-11-08 13:58:17,608 - trainer - INFO - epoch: 39
2024-11-08 13:58:17,609 - trainer - INFO -     train          : loss           : 0.41	accuracy       : 0.82	precision      : 0.80	recall         : 0.77	roc_auc        : 0.90	pr_auc         : 0.88	f1_score       : 0.79	
2024-11-08 13:58:17,610 - trainer - INFO -     validation     : val_loss       : 0.55	val_accuracy   : 0.74	val_precision  : 0.71	val_recall     : 0.69	val_roc_auc    : 0.82	val_pr_auc     : 0.78	val_f1_score   : 0.70	
2024-11-08 13:58:17,633 - trainer - INFO - Saving current best: model_best.pth ...
2024-11-08 13:58:32,030 - trainer - INFO - epoch: 40
2024-11-08 13:58:32,031 - trainer - INFO -     train          : loss           : 0.41	accuracy       : 0.82	precision      : 0.80	recall         : 0.77	roc_auc        : 0.90	pr_auc         : 0.88	f1_score       : 0.79	
2024-11-08 13:58:32,031 - trainer - INFO -     validation     : val_loss       : 0.55	val_accuracy   : 0.74	val_precision  : 0.71	val_recall     : 0.69	val_roc_auc    : 0.82	val_pr_auc     : 0.78	val_f1_score   : 0.70	
2024-11-08 13:58:46,008 - trainer - INFO - epoch: 41
2024-11-08 13:58:46,008 - trainer - INFO -     train          : loss           : 0.41	accuracy       : 0.82	precision      : 0.80	recall         : 0.78	roc_auc        : 0.90	pr_auc         : 0.88	f1_score       : 0.79	
2024-11-08 13:58:46,008 - trainer - INFO -     validation     : val_loss       : 0.55	val_accuracy   : 0.74	val_precision  : 0.71	val_recall     : 0.69	val_roc_auc    : 0.82	val_pr_auc     : 0.78	val_f1_score   : 0.70	
2024-11-08 13:58:46,027 - trainer - INFO - Saving current best: model_best.pth ...
2024-11-08 13:59:00,370 - trainer - INFO - epoch: 42
2024-11-08 13:59:00,371 - trainer - INFO -     train          : loss           : 0.41	accuracy       : 0.82	precision      : 0.80	recall         : 0.78	roc_auc        : 0.90	pr_auc         : 0.88	f1_score       : 0.79	
2024-11-08 13:59:00,371 - trainer - INFO -     validation     : val_loss       : 0.55	val_accuracy   : 0.74	val_precision  : 0.71	val_recall     : 0.69	val_roc_auc    : 0.82	val_pr_auc     : 0.78	val_f1_score   : 0.70	
2024-11-08 13:59:00,395 - trainer - INFO - Saving current best: model_best.pth ...
2024-11-08 13:59:14,430 - trainer - INFO - epoch: 43
2024-11-08 13:59:14,431 - trainer - INFO -     train          : loss           : 0.40	accuracy       : 0.82	precision      : 0.80	recall         : 0.78	roc_auc        : 0.90	pr_auc         : 0.88	f1_score       : 0.79	
2024-11-08 13:59:14,432 - trainer - INFO -     validation     : val_loss       : 0.55	val_accuracy   : 0.74	val_precision  : 0.71	val_recall     : 0.69	val_roc_auc    : 0.82	val_pr_auc     : 0.78	val_f1_score   : 0.70	
2024-11-08 13:59:14,450 - trainer - INFO - Saving current best: model_best.pth ...
2024-11-08 13:59:28,451 - trainer - INFO - epoch: 44
2024-11-08 13:59:28,451 - trainer - INFO -     train          : loss           : 0.40	accuracy       : 0.82	precision      : 0.80	recall         : 0.78	roc_auc        : 0.90	pr_auc         : 0.88	f1_score       : 0.79	
2024-11-08 13:59:28,451 - trainer - INFO -     validation     : val_loss       : 0.55	val_accuracy   : 0.74	val_precision  : 0.71	val_recall     : 0.69	val_roc_auc    : 0.82	val_pr_auc     : 0.78	val_f1_score   : 0.70	
2024-11-08 13:59:42,680 - trainer - INFO - epoch: 45
2024-11-08 13:59:42,681 - trainer - INFO -     train          : loss           : 0.40	accuracy       : 0.82	precision      : 0.80	recall         : 0.78	roc_auc        : 0.90	pr_auc         : 0.88	f1_score       : 0.79	
2024-11-08 13:59:42,681 - trainer - INFO -     validation     : val_loss       : 0.55	val_accuracy   : 0.74	val_precision  : 0.71	val_recall     : 0.70	val_roc_auc    : 0.82	val_pr_auc     : 0.78	val_f1_score   : 0.70	
2024-11-08 13:59:57,352 - trainer - INFO - epoch: 46
2024-11-08 13:59:57,353 - trainer - INFO -     train          : loss           : 0.40	accuracy       : 0.82	precision      : 0.80	recall         : 0.78	roc_auc        : 0.90	pr_auc         : 0.88	f1_score       : 0.79	
2024-11-08 13:59:57,353 - trainer - INFO -     validation     : val_loss       : 0.55	val_accuracy   : 0.74	val_precision  : 0.71	val_recall     : 0.69	val_roc_auc    : 0.82	val_pr_auc     : 0.78	val_f1_score   : 0.70	
2024-11-08 14:00:11,782 - trainer - INFO - epoch: 47
2024-11-08 14:00:11,783 - trainer - INFO -     train          : loss           : 0.40	accuracy       : 0.82	precision      : 0.80	recall         : 0.78	roc_auc        : 0.90	pr_auc         : 0.88	f1_score       : 0.79	
2024-11-08 14:00:11,783 - trainer - INFO -     validation     : val_loss       : 0.55	val_accuracy   : 0.74	val_precision  : 0.71	val_recall     : 0.69	val_roc_auc    : 0.82	val_pr_auc     : 0.78	val_f1_score   : 0.70	
2024-11-08 14:00:11,812 - trainer - INFO - Saving current best: model_best.pth ...
2024-11-08 14:00:25,871 - trainer - INFO - epoch: 48
2024-11-08 14:00:25,871 - trainer - INFO -     train          : loss           : 0.40	accuracy       : 0.82	precision      : 0.80	recall         : 0.78	roc_auc        : 0.90	pr_auc         : 0.88	f1_score       : 0.79	
2024-11-08 14:00:25,872 - trainer - INFO -     validation     : val_loss       : 0.55	val_accuracy   : 0.74	val_precision  : 0.71	val_recall     : 0.69	val_roc_auc    : 0.82	val_pr_auc     : 0.78	val_f1_score   : 0.70	
2024-11-08 14:00:39,845 - trainer - INFO - epoch: 49
2024-11-08 14:00:39,846 - trainer - INFO -     train          : loss           : 0.40	accuracy       : 0.82	precision      : 0.80	recall         : 0.78	roc_auc        : 0.90	pr_auc         : 0.88	f1_score       : 0.79	
2024-11-08 14:00:39,846 - trainer - INFO -     validation     : val_loss       : 0.55	val_accuracy   : 0.74	val_precision  : 0.71	val_recall     : 0.69	val_roc_auc    : 0.82	val_pr_auc     : 0.78	val_f1_score   : 0.70	
2024-11-08 14:00:54,010 - trainer - INFO - epoch: 50
2024-11-08 14:00:54,011 - trainer - INFO -     train          : loss           : 0.40	accuracy       : 0.82	precision      : 0.80	recall         : 0.78	roc_auc        : 0.90	pr_auc         : 0.88	f1_score       : 0.79	
2024-11-08 14:00:54,011 - trainer - INFO -     validation     : val_loss       : 0.55	val_accuracy   : 0.74	val_precision  : 0.71	val_recall     : 0.69	val_roc_auc    : 0.82	val_pr_auc     : 0.78	val_f1_score   : 0.70	
2024-11-08 14:00:54,011 - test - INFO - GraphSynergy(
  (protein_embedding): Embedding(15970, 64)
  (cell_embedding): Embedding(76, 64)
  (drug_embedding): Embedding(764, 64)
  (aggregation_function): Linear(in_features=128, out_features=64, bias=True)
  (combine_function): Linear(in_features=128, out_features=64, bias=False)
)
Trainable parameters: 1092288
2024-11-08 14:00:54,011 - test - INFO - Loading checkpoint: saved/models/DrugCombDB/1108_134841/model_best.pth ...
2024-11-08 14:00:56,554 - test - INFO - {'loss': 0.5372418634172866, 'accuracy': 0.7497910493123623, 'precision': 0.7325556598330294, 'recall': 0.6861651939204848, 'roc_auc': 0.8211912652676469, 'pr_auc': 0.7892835454895145, 'f1_score': 0.7080757808344731}
